[2022-03-11 03:03:13,240] [autoreload.py:637] [autoreload:run_with_reloader] [INFO]- Watching for file changes with StatReloader
[2022-03-11 03:03:20,028] [basehttp.py:161] [basehttp:log_message] [INFO]- "GET /media/web/img/class/0.jpg HTTP/1.1" 304 0
[2022-03-11 03:03:20,030] [basehttp.py:161] [basehttp:log_message] [INFO]- "GET /media/web/img/class/2.jpg HTTP/1.1" 304 0
[2022-03-11 03:03:20,061] [basehttp.py:161] [basehttp:log_message] [INFO]- "GET /api/users/show_schools HTTP/1.1" 200 918
[2022-03-11 03:04:05,558] [basehttp.py:161] [basehttp:log_message] [INFO]- "GET /api/users/nick_repeat?nick=pxw%40163.co HTTP/1.1" 200 36
[2022-03-11 03:04:05,998] [basehttp.py:161] [basehttp:log_message] [INFO]- "GET /api/users/nick_repeat?nick=pxw%40163.co HTTP/1.1" 200 36
[2022-03-11 03:04:06,675] [basehttp.py:161] [basehttp:log_message] [INFO]- "POST /api/users/log_in HTTP/1.1" 200 459
[2022-03-11 03:04:06,708] [basehttp.py:161] [basehttp:log_message] [INFO]- "GET /media/web/img/avatar/4a5d0864631a3ebd62d11cceeb05b4a6.jpg HTTP/1.1" 304 0
[2022-03-11 07:28:08,695] [autoreload.py:637] [autoreload:run_with_reloader] [INFO]- Watching for file changes with StatReloader
[2022-03-11 07:28:12,990] [middlewares.py:43] [middlewares:process_exception] [ERROR]- {'code': 500, 'errmsg': '服务器异常', 'data': {}}
Traceback (most recent call last):
  File "/Users/linshengfeng/miniforge3/envs/py1.8/lib/python3.8/site-packages/django/core/handlers/base.py", line 181, in _get_response
    response = wrapped_callback(request, *callback_args, **callback_kwargs)
  File "/Users/linshengfeng/miniforge3/envs/py1.8/lib/python3.8/site-packages/django/views/decorators/http.py", line 40, in inner
    return func(request, *args, **kwargs)
  File "/Users/linshengfeng/学习/大四上/毕业设计/mooc_recommender_system/mooc_back_end/web/class/views.py", line 25, in getRecommendCourses
    return JsonResponse(response)
  File "/Users/linshengfeng/miniforge3/envs/py1.8/lib/python3.8/site-packages/django/http/response.py", line 603, in __init__
    data = json.dumps(data, cls=encoder, **json_dumps_params)
  File "/Users/linshengfeng/miniforge3/envs/py1.8/lib/python3.8/json/__init__.py", line 234, in dumps
    return cls(
  File "/Users/linshengfeng/miniforge3/envs/py1.8/lib/python3.8/json/encoder.py", line 199, in encode
    chunks = self.iterencode(o, _one_shot=True)
  File "/Users/linshengfeng/miniforge3/envs/py1.8/lib/python3.8/json/encoder.py", line 257, in iterencode
    return _iterencode(o, 0)
  File "/Users/linshengfeng/miniforge3/envs/py1.8/lib/python3.8/site-packages/django/core/serializers/json.py", line 105, in default
    return super().default(o)
  File "/Users/linshengfeng/miniforge3/envs/py1.8/lib/python3.8/json/encoder.py", line 179, in default
    raise TypeError(f'Object of type {o.__class__.__name__} '
TypeError: Object of type JsonResponse is not JSON serializable
[2022-03-11 07:28:12,994] [log.py:224] [log:log_response] [ERROR]- Internal Server Error: /api/class/get_recommend
[2022-03-11 07:28:12,995] [basehttp.py:161] [basehttp:log_message] [ERROR]- "GET /api/class/get_recommend HTTP/1.1" 500 15
[2022-03-11 07:28:51,876] [autoreload.py:251] [autoreload:trigger_reload] [INFO]- /Users/linshengfeng/学习/大四上/毕业设计/mooc_recommender_system/mooc_back_end/web/class/util.py changed, reloading.
[2022-03-11 07:28:52,267] [autoreload.py:637] [autoreload:run_with_reloader] [INFO]- Watching for file changes with StatReloader
[2022-03-11 07:28:55,595] [basehttp.py:161] [basehttp:log_message] [INFO]- "GET /api/class/get_recommend HTTP/1.1" 200 1045
[2022-03-11 07:34:04,448] [autoreload.py:251] [autoreload:trigger_reload] [INFO]- /Users/linshengfeng/学习/大四上/毕业设计/mooc_recommender_system/mooc_back_end/web/class/util.py changed, reloading.
[2022-03-11 07:34:04,880] [autoreload.py:637] [autoreload:run_with_reloader] [INFO]- Watching for file changes with StatReloader
[2022-03-11 07:34:05,062] [basehttp.py:161] [basehttp:log_message] [INFO]- "GET /api/class/get_recommend HTTP/1.1" 200 1077
[2022-03-11 07:34:58,447] [autoreload.py:251] [autoreload:trigger_reload] [INFO]- /Users/linshengfeng/学习/大四上/毕业设计/mooc_recommender_system/mooc_back_end/web/class/util.py changed, reloading.
[2022-03-11 07:34:58,820] [autoreload.py:637] [autoreload:run_with_reloader] [INFO]- Watching for file changes with StatReloader
[2022-03-11 07:35:01,323] [basehttp.py:161] [basehttp:log_message] [INFO]- "GET /api/class/get_recommend HTTP/1.1" 200 1115
[2022-03-11 07:45:40,774] [basehttp.py:161] [basehttp:log_message] [INFO]- "GET /api/class/get_recommend HTTP/1.1" 200 1129
[2022-03-11 07:45:40,781] [basehttp.py:161] [basehttp:log_message] [INFO]- "GET /media/web/img/class/632.jpg HTTP/1.1" 200 19381
[2022-03-11 07:45:40,782] [basehttp.py:161] [basehttp:log_message] [INFO]- "GET /media/web/img/class/155.jpg HTTP/1.1" 200 18664
[2022-03-11 07:45:40,782] [basehttp.py:161] [basehttp:log_message] [INFO]- "GET /media/web/img/class/default.jpg HTTP/1.1" 200 57453
[2022-03-11 07:45:40,784] [basehttp.py:161] [basehttp:log_message] [INFO]- "GET /media/web/img/class/671.jpg HTTP/1.1" 200 37708
[2022-03-11 07:45:40,785] [basehttp.py:161] [basehttp:log_message] [INFO]- "GET /media/web/img/class/860.jpg HTTP/1.1" 200 94544
