[2022-03-14 05:38:46,169] [autoreload.py:637] [autoreload:run_with_reloader] [INFO]- Watching for file changes with StatReloader
[2022-03-14 05:38:51,324] [basehttp.py:161] [basehttp:log_message] [INFO]- "GET /api/users/show_schools HTTP/1.1" 200 918
[2022-03-14 05:38:51,335] [basehttp.py:161] [basehttp:log_message] [INFO]- "GET /api/class/get_recommend HTTP/1.1" 200 1361
[2022-03-14 05:38:51,454] [basehttp.py:161] [basehttp:log_message] [INFO]- "GET /media/web/img/class/319.jpg HTTP/1.1" 200 41746
[2022-03-14 05:38:51,455] [basehttp.py:161] [basehttp:log_message] [INFO]- "GET /media/web/img/class/1140.jpg HTTP/1.1" 200 52111
[2022-03-14 05:38:51,455] [basehttp.py:161] [basehttp:log_message] [INFO]- "GET /media/web/img/class/534.jpg HTTP/1.1" 200 156278
[2022-03-14 05:39:21,741] [basehttp.py:161] [basehttp:log_message] [INFO]- "GET /api/class/get_single_course/1140 HTTP/1.1" 200 257
[2022-03-14 05:39:29,374] [basehttp.py:161] [basehttp:log_message] [INFO]- "GET /api/class/get_recommend HTTP/1.1" 200 1503
[2022-03-14 05:39:29,392] [basehttp.py:161] [basehttp:log_message] [INFO]- "GET /media/web/img/class/170.jpg HTTP/1.1" 200 29719
[2022-03-14 05:39:29,392] [basehttp.py:161] [basehttp:log_message] [INFO]- "GET /media/web/img/class/37.jpg HTTP/1.1" 200 35758
[2022-03-14 05:39:29,393] [basehttp.py:161] [basehttp:log_message] [INFO]- "GET /media/web/img/class/142.jpg HTTP/1.1" 200 46155
[2022-03-14 05:39:29,393] [basehttp.py:161] [basehttp:log_message] [INFO]- "GET /media/web/img/class/25.jpg HTTP/1.1" 200 45265
[2022-03-14 05:39:36,500] [basehttp.py:161] [basehttp:log_message] [INFO]- "GET /api/class/get_single_course/25 HTTP/1.1" 200 273
[2022-03-14 05:40:03,819] [basehttp.py:161] [basehttp:log_message] [INFO]- "GET /api/users/nick_repeat?nick=pxw%40163.co HTTP/1.1" 200 36
[2022-03-14 05:40:04,275] [basehttp.py:161] [basehttp:log_message] [INFO]- "GET /api/users/nick_repeat?nick=pxw%40163.co HTTP/1.1" 200 36
[2022-03-14 05:42:19,753] [basehttp.py:161] [basehttp:log_message] [INFO]- "POST /api/users/log_in HTTP/1.1" 200 459
[2022-03-14 05:42:19,782] [basehttp.py:161] [basehttp:log_message] [INFO]- "GET /media/web/img/avatar/4a5d0864631a3ebd62d11cceeb05b4a6.jpg HTTP/1.1" 304 0
[2022-03-14 05:52:07,887] [basehttp.py:161] [basehttp:log_message] [INFO]- "GET /api/class/get_single_course/25 HTTP/1.1" 200 273
[2022-03-14 06:01:30,500] [basehttp.py:161] [basehttp:log_message] [INFO]- "GET /api/class/get_single_course/25 HTTP/1.1" 200 273
[2022-03-14 06:08:04,075] [basehttp.py:161] [basehttp:log_message] [INFO]- "GET /api/class/get_recommend HTTP/1.1" 200 1339
[2022-03-14 06:08:04,186] [basehttp.py:161] [basehttp:log_message] [INFO]- "GET /media/web/img/class/38.jpg HTTP/1.1" 200 42910
[2022-03-14 06:08:04,187] [basehttp.py:161] [basehttp:log_message] [INFO]- "GET /media/web/img/class/234.jpg HTTP/1.1" 200 45259
[2022-03-14 06:08:04,188] [basehttp.py:161] [basehttp:log_message] [INFO]- "GET /media/web/img/class/537.jpg HTTP/1.1" 200 56207
[2022-03-14 06:08:04,189] [basehttp.py:161] [basehttp:log_message] [INFO]- "GET /media/web/img/class/650.jpg HTTP/1.1" 200 167141
[2022-03-14 06:08:10,745] [basehttp.py:161] [basehttp:log_message] [INFO]- "GET /api/class/get_single_course/650 HTTP/1.1" 200 292
[2022-03-14 06:10:34,708] [basehttp.py:161] [basehttp:log_message] [INFO]- "GET /api/class/get_single_course/650 HTTP/1.1" 200 292
[2022-03-14 06:41:31,190] [basehttp.py:161] [basehttp:log_message] [INFO]- "GET /api/users/show_schools HTTP/1.1" 200 918
[2022-03-14 06:41:31,202] [basehttp.py:161] [basehttp:log_message] [INFO]- "GET /api/class/get_single_course/650 HTTP/1.1" 200 292
[2022-03-14 06:43:53,355] [basehttp.py:161] [basehttp:log_message] [INFO]- "GET /api/class/get_single_course/650 HTTP/1.1" 200 292
[2022-03-14 06:45:38,056] [basehttp.py:161] [basehttp:log_message] [INFO]- "GET /api/class/get_recommend HTTP/1.1" 200 1455
[2022-03-14 06:45:38,129] [basehttp.py:161] [basehttp:log_message] [INFO]- "GET /media/web/img/class/292.jpg HTTP/1.1" 200 40948
[2022-03-14 06:45:38,130] [basehttp.py:161] [basehttp:log_message] [INFO]- "GET /media/web/img/class/491.jpg HTTP/1.1" 200 37921
[2022-03-14 06:45:39,796] [basehttp.py:161] [basehttp:log_message] [INFO]- "GET /api/class/get_single_course/292 HTTP/1.1" 200 317
[2022-03-14 06:46:47,398] [basehttp.py:161] [basehttp:log_message] [INFO]- "GET /api/class/get_single_course/292 HTTP/1.1" 200 317
[2022-03-14 08:05:46,064] [autoreload.py:637] [autoreload:run_with_reloader] [INFO]- Watching for file changes with StatReloader
[2022-03-14 08:06:01,056] [basehttp.py:161] [basehttp:log_message] [INFO]- "GET /api/users/show_schools HTTP/1.1" 200 918
[2022-03-14 08:06:01,067] [basehttp.py:161] [basehttp:log_message] [INFO]- "GET /api/class/get_recommend HTTP/1.1" 200 1327
[2022-03-14 08:06:01,095] [basehttp.py:161] [basehttp:log_message] [INFO]- "GET /media/web/img/class/1243.jpg HTTP/1.1" 200 32252
[2022-03-14 08:06:01,096] [basehttp.py:161] [basehttp:log_message] [INFO]- "GET /media/web/img/class/630.jpg HTTP/1.1" 200 55458
[2022-03-14 08:06:01,096] [basehttp.py:161] [basehttp:log_message] [INFO]- "GET /media/web/img/class/935.jpg HTTP/1.1" 200 46776
[2022-03-14 08:06:01,096] [basehttp.py:161] [basehttp:log_message] [INFO]- "GET /media/web/img/class/719.jpg HTTP/1.1" 200 94657
[2022-03-14 08:27:19,289] [basehttp.py:161] [basehttp:log_message] [INFO]- "GET /api/class/get_single_course/630 HTTP/1.1" 200 256
[2022-03-14 08:27:25,680] [basehttp.py:161] [basehttp:log_message] [INFO]- "GET /api/class/get_recommend HTTP/1.1" 200 1404
[2022-03-14 08:27:25,699] [basehttp.py:161] [basehttp:log_message] [INFO]- "GET /media/web/img/class/768.jpg HTTP/1.1" 200 38515
[2022-03-14 08:27:25,700] [basehttp.py:161] [basehttp:log_message] [INFO]- "GET /media/web/img/class/881.jpg HTTP/1.1" 200 128385
[2022-03-14 08:27:27,223] [basehttp.py:161] [basehttp:log_message] [INFO]- "GET /api/users/nick_repeat?nick=pxw%40163.co HTTP/1.1" 200 36
[2022-03-14 08:27:27,683] [basehttp.py:161] [basehttp:log_message] [INFO]- "GET /api/users/nick_repeat?nick=pxw%40163.co HTTP/1.1" 200 36
[2022-03-14 08:27:42,611] [basehttp.py:161] [basehttp:log_message] [INFO]- "POST /api/users/log_in HTTP/1.1" 200 459
[2022-03-14 08:28:00,690] [basehttp.py:161] [basehttp:log_message] [INFO]- "POST /api/users/update_avatar/7 HTTP/1.1" 200 65
[2022-03-14 08:28:00,700] [basehttp.py:161] [basehttp:log_message] [INFO]- "GET /media/web/img/avatar/2102bb285aa7bc8d9b7372e9ac42f3c1.jpg HTTP/1.1" 200 13800
[2022-03-14 08:28:17,624] [basehttp.py:161] [basehttp:log_message] [INFO]- "GET /api/class/get_recommend HTTP/1.1" 200 1306
[2022-03-14 08:28:17,635] [basehttp.py:161] [basehttp:log_message] [INFO]- "GET /media/web/img/class/77.jpg HTTP/1.1" 200 50734
[2022-03-14 08:28:17,635] [basehttp.py:161] [basehttp:log_message] [INFO]- "GET /media/web/img/class/176.jpg HTTP/1.1" 200 66778
[2022-03-14 08:30:54,223] [basehttp.py:161] [basehttp:log_message] [INFO]- "GET /api/class/get_single_course/77 HTTP/1.1" 200 267
[2022-03-14 09:53:27,330] [autoreload.py:637] [autoreload:run_with_reloader] [INFO]- Watching for file changes with StatReloader
[2022-03-14 09:53:35,334] [basehttp.py:161] [basehttp:log_message] [INFO]- "GET /api/users/show_schools HTTP/1.1" 200 918
[2022-03-14 09:53:35,434] [basehttp.py:161] [basehttp:log_message] [INFO]- "GET /api/class/get_recommend HTTP/1.1" 200 1373
[2022-03-14 09:53:35,534] [basehttp.py:161] [basehttp:log_message] [INFO]- "GET /media/web/img/class/764.jpg HTTP/1.1" 200 18666
[2022-03-14 09:53:35,538] [basehttp.py:161] [basehttp:log_message] [INFO]- "GET /media/web/img/class/1098.jpg HTTP/1.1" 200 36564
[2022-03-14 09:53:35,539] [basehttp.py:161] [basehttp:log_message] [INFO]- "GET /media/web/img/class/75.jpg HTTP/1.1" 200 25192
[2022-03-14 09:53:35,543] [basehttp.py:161] [basehttp:log_message] [INFO]- "GET /media/web/img/class/221.jpg HTTP/1.1" 200 149799
[2022-03-14 09:53:35,543] [basehttp.py:161] [basehttp:log_message] [INFO]- "GET /media/web/img/class/350.jpg HTTP/1.1" 200 59656
[2022-03-14 09:53:38,909] [basehttp.py:161] [basehttp:log_message] [INFO]- "GET /api/class/get_single_course/764 HTTP/1.1" 200 285
[2022-03-14 09:53:43,724] [basehttp.py:161] [basehttp:log_message] [INFO]- "GET /api/users/nick_repeat?nick=pxw%40163.co HTTP/1.1" 200 36
[2022-03-14 09:53:44,186] [basehttp.py:161] [basehttp:log_message] [INFO]- "GET /api/users/nick_repeat?nick=pxw%40163.co HTTP/1.1" 200 36
[2022-03-14 09:56:19,090] [basehttp.py:161] [basehttp:log_message] [INFO]- "GET /api/users/show_schools HTTP/1.1" 200 918
[2022-03-14 09:56:19,095] [basehttp.py:161] [basehttp:log_message] [INFO]- "GET /api/class/get_single_course/764 HTTP/1.1" 200 285
[2022-03-14 09:56:27,181] [basehttp.py:161] [basehttp:log_message] [INFO]- "GET /api/users/nick_repeat?nick=pxw%40163.co HTTP/1.1" 200 36
[2022-03-14 09:56:27,641] [basehttp.py:161] [basehttp:log_message] [INFO]- "GET /api/users/nick_repeat?nick=pxw%40163.co HTTP/1.1" 200 36
[2022-03-14 10:01:00,890] [basehttp.py:161] [basehttp:log_message] [INFO]- "GET /api/users/show_schools HTTP/1.1" 200 918
[2022-03-14 10:01:00,897] [basehttp.py:161] [basehttp:log_message] [INFO]- "GET /api/class/get_single_course/764 HTTP/1.1" 200 285
[2022-03-14 10:01:12,645] [basehttp.py:161] [basehttp:log_message] [INFO]- "GET /api/users/nick_repeat?nick=pxw%40163.co HTTP/1.1" 200 36
[2022-03-14 10:01:13,112] [basehttp.py:161] [basehttp:log_message] [INFO]- "GET /api/users/nick_repeat?nick=pxw%40163.co HTTP/1.1" 200 36
[2022-03-14 10:03:19,606] [basehttp.py:161] [basehttp:log_message] [INFO]- "GET /api/users/show_schools HTTP/1.1" 200 918
[2022-03-14 10:03:23,618] [basehttp.py:161] [basehttp:log_message] [INFO]- "GET /api/users/nick_repeat?nick=pxw%40163.co HTTP/1.1" 200 36
[2022-03-14 10:03:24,084] [basehttp.py:161] [basehttp:log_message] [INFO]- "GET /api/users/nick_repeat?nick=pxw%40163.co HTTP/1.1" 200 36
[2022-03-14 10:03:58,639] [basehttp.py:161] [basehttp:log_message] [INFO]- "GET /api/users/show_schools HTTP/1.1" 200 918
[2022-03-14 10:03:58,647] [basehttp.py:161] [basehttp:log_message] [INFO]- "GET /api/class/get_single_course/764 HTTP/1.1" 200 285
[2022-03-14 10:04:00,435] [basehttp.py:161] [basehttp:log_message] [INFO]- "GET /api/users/nick_repeat?nick=pxw%40163.co HTTP/1.1" 200 36
[2022-03-14 10:04:00,900] [basehttp.py:161] [basehttp:log_message] [INFO]- "GET /api/users/nick_repeat?nick=pxw%40163.co HTTP/1.1" 200 36
[2022-03-14 10:14:55,970] [autoreload.py:637] [autoreload:run_with_reloader] [INFO]- Watching for file changes with StatReloader
[2022-03-14 10:15:01,331] [basehttp.py:161] [basehttp:log_message] [INFO]- "GET /api/users/show_schools HTTP/1.1" 200 918
[2022-03-14 10:15:01,352] [basehttp.py:161] [basehttp:log_message] [INFO]- "GET /api/class/get_recommend HTTP/1.1" 200 1352
[2022-03-14 10:15:01,454] [basehttp.py:161] [basehttp:log_message] [INFO]- "GET /media/web/img/class/338.jpg HTTP/1.1" 200 78879
[2022-03-14 10:15:01,455] [basehttp.py:161] [basehttp:log_message] [INFO]- "GET /media/web/img/class/251.jpg HTTP/1.1" 200 150128
