[2022-03-24 05:36:10,865] [autoreload.py:637] [autoreload:run_with_reloader] [INFO]- Watching for file changes with StatReloader
[2022-03-24 05:36:17,595] [basehttp.py:161] [basehttp:log_message] [INFO]- "POST /api/users/log_in HTTP/1.1" 200 459
[2022-03-24 05:38:27,042] [basehttp.py:161] [basehttp:log_message] [INFO]- "GET /media/web/img/class/0.jpg HTTP/1.1" 304 0
[2022-03-24 05:38:27,218] [basehttp.py:161] [basehttp:log_message] [INFO]- "GET /api/class/get_recommend HTTP/1.1" 200 1324
[2022-03-24 05:38:27,279] [basehttp.py:161] [basehttp:log_message] [INFO]- "GET /media/web/img/class/308.jpg HTTP/1.1" 304 0
[2022-03-24 05:38:30,088] [basehttp.py:161] [basehttp:log_message] [INFO]- "GET /api/users/nick_repeat?nick=pxw%40163.co HTTP/1.1" 200 36
[2022-03-24 05:38:30,539] [basehttp.py:161] [basehttp:log_message] [INFO]- "GET /api/users/nick_repeat?nick=pxw%40163.co HTTP/1.1" 200 36
[2022-03-24 05:40:57,754] [basehttp.py:161] [basehttp:log_message] [INFO]- "GET /api/class/get_recommend HTTP/1.1" 200 1446
[2022-03-24 05:40:57,780] [basehttp.py:161] [basehttp:log_message] [INFO]- "GET /media/web/img/class/1155.jpg HTTP/1.1" 304 0
[2022-03-24 05:40:57,780] [basehttp.py:161] [basehttp:log_message] [INFO]- "GET /media/web/img/class/457.jpg HTTP/1.1" 304 0
[2022-03-24 05:40:59,043] [basehttp.py:161] [basehttp:log_message] [INFO]- "GET /api/users/nick_repeat?nick=pxw%40163.co HTTP/1.1" 200 36
[2022-03-24 05:40:59,505] [basehttp.py:161] [basehttp:log_message] [INFO]- "GET /api/users/nick_repeat?nick=pxw%40163.co HTTP/1.1" 200 36
[2022-03-24 05:41:31,423] [basehttp.py:161] [basehttp:log_message] [INFO]- "POST /api/users/log_in HTTP/1.1" 200 417
[2022-03-24 05:41:31,452] [basehttp.py:161] [basehttp:log_message] [INFO]- "GET /media/web/img/avatar/default.jpg HTTP/1.1" 304 0
[2022-03-24 05:42:21,800] [basehttp.py:161] [basehttp:log_message] [INFO]- "GET /api/class/get_recommend HTTP/1.1" 200 1605
[2022-03-24 05:42:22,243] [basehttp.py:161] [basehttp:log_message] [INFO]- "GET /media/web/img/class/82.jpg HTTP/1.1" 200 218670
[2022-03-24 05:42:22,255] [basehttp.py:161] [basehttp:log_message] [INFO]- "GET /media/web/img/class/291.jpg HTTP/1.1" 200 1407115
[2022-03-24 05:42:23,245] [basehttp.py:161] [basehttp:log_message] [INFO]- "GET /api/users/nick_repeat?nick=pxw%40163.co HTTP/1.1" 200 36
[2022-03-24 05:42:23,712] [basehttp.py:161] [basehttp:log_message] [INFO]- "GET /api/users/nick_repeat?nick=pxw%40163.co HTTP/1.1" 200 36
[2022-03-24 05:42:37,981] [basehttp.py:161] [basehttp:log_message] [INFO]- "POST /api/users/log_in HTTP/1.1" 200 441
[2022-03-24 05:45:56,263] [basehttp.py:161] [basehttp:log_message] [INFO]- "GET /api/class/get_recommend HTTP/1.1" 200 1342
[2022-03-24 05:45:56,276] [basehttp.py:161] [basehttp:log_message] [INFO]- "GET /media/web/img/class/844.jpg HTTP/1.1" 200 72184
[2022-03-24 05:46:04,760] [basehttp.py:161] [basehttp:log_message] [INFO]- "GET /api/class/get_all_types HTTP/1.1" 200 1022
[2022-03-24 05:46:07,588] [basehttp.py:161] [basehttp:log_message] [INFO]- "GET /api/class/get_all_recommends/1/0/0 HTTP/1.1" 200 5396
[2022-03-24 05:46:07,609] [basehttp.py:161] [basehttp:log_message] [INFO]- "GET /media/web/img/class/6.jpg HTTP/1.1" 304 0
[2022-03-24 05:46:07,610] [basehttp.py:161] [basehttp:log_message] [INFO]- "GET /media/web/img/class/12.jpg HTTP/1.1" 304 0
[2022-03-24 05:46:27,870] [basehttp.py:161] [basehttp:log_message] [INFO]- "GET /api/class/get_all_recommends/1/0/23 HTTP/1.1" 200 5153
[2022-03-24 05:46:27,891] [basehttp.py:161] [basehttp:log_message] [INFO]- "GET /media/web/img/class/1279.jpg HTTP/1.1" 304 0
[2022-03-24 05:46:31,144] [basehttp.py:161] [basehttp:log_message] [INFO]- "GET /api/class/get_all_recommends/1/0/19 HTTP/1.1" 200 5247
[2022-03-24 05:46:31,160] [basehttp.py:161] [basehttp:log_message] [INFO]- "GET /media/web/img/class/1113.jpg HTTP/1.1" 304 0
[2022-03-24 05:46:36,973] [basehttp.py:161] [basehttp:log_message] [INFO]- "GET /api/class/get_all_recommends/1/0/0 HTTP/1.1" 200 5396
[2022-03-24 05:46:40,469] [basehttp.py:161] [basehttp:log_message] [INFO]- "GET /api/class/get_all_recommends/1/20/0 HTTP/1.1" 200 5383
[2022-03-24 05:46:40,492] [basehttp.py:161] [basehttp:log_message] [INFO]- "GET /media/web/img/class/39.jpg HTTP/1.1" 304 0
[2022-03-24 05:46:48,041] [basehttp.py:161] [basehttp:log_message] [INFO]- "GET /api/class/get_all_recommends/1/40/0 HTTP/1.1" 200 5707
[2022-03-24 05:46:48,060] [basehttp.py:161] [basehttp:log_message] [INFO]- "GET /media/web/img/class/46.jpg HTTP/1.1" 304 0
[2022-03-24 05:46:48,061] [basehttp.py:161] [basehttp:log_message] [INFO]- "GET /media/web/img/class/57.jpg HTTP/1.1" 304 0
[2022-03-24 05:46:48,063] [basehttp.py:161] [basehttp:log_message] [INFO]- "GET /media/web/img/class/58.jpg HTTP/1.1" 200 94905
[2022-03-24 05:46:48,064] [basehttp.py:161] [basehttp:log_message] [INFO]- "GET /media/web/img/class/54.jpg HTTP/1.1" 200 85939
[2022-03-24 05:46:48,064] [basehttp.py:161] [basehttp:log_message] [INFO]- "GET /media/web/img/class/55.jpg HTTP/1.1" 200 232453
[2022-03-24 05:47:11,619] [basehttp.py:161] [basehttp:log_message] [INFO]- "GET /api/class/get_recommend HTTP/1.1" 200 1337
[2022-03-24 05:47:11,843] [basehttp.py:161] [basehttp:log_message] [INFO]- "GET /media/web/img/class/152.jpg HTTP/1.1" 200 43210
[2022-03-24 05:48:22,208] [basehttp.py:161] [basehttp:log_message] [INFO]- "GET /api/class/get_recommend HTTP/1.1" 200 1361
[2022-03-24 05:48:22,364] [basehttp.py:161] [basehttp:log_message] [INFO]- "GET /media/web/img/class/188.jpg HTTP/1.1" 200 290245
[2022-03-24 05:48:24,226] [basehttp.py:161] [basehttp:log_message] [INFO]- "GET /api/users/nick_repeat?nick=pxw%40163.co HTTP/1.1" 200 36
[2022-03-24 05:48:24,689] [basehttp.py:161] [basehttp:log_message] [INFO]- "GET /api/users/nick_repeat?nick=pxw%40163.co HTTP/1.1" 200 36
[2022-03-24 05:48:52,852] [basehttp.py:161] [basehttp:log_message] [INFO]- "POST /api/users/log_in HTTP/1.1" 200 417
[2022-03-24 05:50:33,719] [basehttp.py:161] [basehttp:log_message] [INFO]- "GET /api/class/get_recommend HTTP/1.1" 200 1452
[2022-03-24 05:50:34,065] [basehttp.py:161] [basehttp:log_message] [INFO]- "GET /media/web/img/class/835.jpg HTTP/1.1" 200 231085
[2022-03-24 05:50:35,321] [basehttp.py:161] [basehttp:log_message] [INFO]- "GET /api/users/nick_repeat?nick=pxw%40163.co HTTP/1.1" 200 36
[2022-03-24 05:50:35,770] [basehttp.py:161] [basehttp:log_message] [INFO]- "GET /api/users/nick_repeat?nick=pxw%40163.co HTTP/1.1" 200 36
[2022-03-24 05:51:06,294] [basehttp.py:161] [basehttp:log_message] [INFO]- "GET /api/class/get_recommend HTTP/1.1" 200 1436
[2022-03-24 05:51:06,449] [basehttp.py:161] [basehttp:log_message] [INFO]- "GET /media/web/img/class/103.jpg HTTP/1.1" 200 19381
[2022-03-24 05:51:06,454] [basehttp.py:161] [basehttp:log_message] [INFO]- "GET /media/web/img/class/1148.jpg HTTP/1.1" 200 75779
[2022-03-24 05:51:24,069] [basehttp.py:161] [basehttp:log_message] [INFO]- "POST /api/users/log_in HTTP/1.1" 200 415
