[2022-03-16 02:34:22,754] [autoreload.py:637] [autoreload:run_with_reloader] [INFO]- Watching for file changes with StatReloader
[2022-03-16 02:40:40,674] [basehttp.py:161] [basehttp:log_message] [INFO]- "GET /api/users/show_schools HTTP/1.1" 200 918
[2022-03-16 02:40:40,680] [basehttp.py:161] [basehttp:log_message] [INFO]- "GET /api/class/get_recommend HTTP/1.1" 200 1276
[2022-03-16 02:40:40,873] [basehttp.py:161] [basehttp:log_message] [INFO]- "GET /media/web/img/class/70.jpg HTTP/1.1" 200 139683
[2022-03-16 02:40:40,875] [basehttp.py:161] [basehttp:log_message] [INFO]- "GET /media/web/img/class/1128.jpg HTTP/1.1" 200 145347
[2022-03-16 02:40:44,171] [basehttp.py:161] [basehttp:log_message] [INFO]- "GET /api/class/get_single_course/1055 HTTP/1.1" 200 253
[2022-03-16 02:40:57,239] [basehttp.py:161] [basehttp:log_message] [INFO]- "GET /api/class/get_recommend HTTP/1.1" 200 1462
[2022-03-16 02:40:57,253] [basehttp.py:161] [basehttp:log_message] [INFO]- "GET /media/web/img/class/594.jpg HTTP/1.1" 200 46155
[2022-03-16 02:40:57,254] [basehttp.py:161] [basehttp:log_message] [INFO]- "GET /media/web/img/class/529.jpg HTTP/1.1" 200 62442
[2022-03-16 02:45:07,337] [basehttp.py:161] [basehttp:log_message] [INFO]- "GET /api/users/show_schools HTTP/1.1" 200 918
[2022-03-16 02:45:07,402] [basehttp.py:161] [basehttp:log_message] [INFO]- "GET /api/class/get_recommend HTTP/1.1" 200 1332
[2022-03-16 02:45:07,413] [basehttp.py:161] [basehttp:log_message] [INFO]- "GET /media/web/img/class/710.jpg HTTP/1.1" 200 28209
[2022-03-16 02:45:07,413] [basehttp.py:161] [basehttp:log_message] [INFO]- "GET /media/web/img/class/1284.jpg HTTP/1.1" 200 25366
[2022-03-16 02:45:07,414] [basehttp.py:161] [basehttp:log_message] [INFO]- "GET /media/web/img/class/308.jpg HTTP/1.1" 200 72831
[2022-03-16 02:45:59,874] [basehttp.py:161] [basehttp:log_message] [INFO]- "GET /api/class/get_recommend HTTP/1.1" 200 1328
[2022-03-16 02:45:59,892] [basehttp.py:161] [basehttp:log_message] [INFO]- "GET /media/web/img/class/374.jpg HTTP/1.1" 200 20967
[2022-03-16 02:45:59,895] [basehttp.py:161] [basehttp:log_message] [INFO]- "GET /media/web/img/class/992.jpg HTTP/1.1" 200 166146
[2022-03-16 02:45:59,896] [basehttp.py:161] [basehttp:log_message] [INFO]- "GET /media/web/img/class/835.jpg HTTP/1.1" 200 231085
[2022-03-16 03:17:28,903] [basehttp.py:161] [basehttp:log_message] [INFO]- "GET /api/users/show_schools HTTP/1.1" 200 918
[2022-03-16 03:17:57,503] [basehttp.py:161] [basehttp:log_message] [INFO]- "GET /api/users/show_schools HTTP/1.1" 200 918
[2022-03-16 03:17:59,213] [basehttp.py:161] [basehttp:log_message] [INFO]- "GET /api/users/show_schools HTTP/1.1" 200 918
[2022-03-16 05:22:23,978] [basehttp.py:161] [basehttp:log_message] [INFO]- "GET /api/users/show_schools HTTP/1.1" 200 918
[2022-03-16 05:24:14,389] [basehttp.py:161] [basehttp:log_message] [INFO]- "GET /api/users/show_schools HTTP/1.1" 200 918
[2022-03-16 05:26:08,354] [basehttp.py:161] [basehttp:log_message] [INFO]- "GET /api/users/show_schools HTTP/1.1" 200 918
[2022-03-16 05:33:46,241] [autoreload.py:637] [autoreload:run_with_reloader] [INFO]- Watching for file changes with StatReloader
[2022-03-16 05:33:54,712] [basehttp.py:161] [basehttp:log_message] [INFO]- "GET /api/users/nick_repeat?nick=pxw%40163.co HTTP/1.1" 200 36
[2022-03-16 05:33:55,151] [basehttp.py:161] [basehttp:log_message] [INFO]- "GET /api/users/nick_repeat?nick=pxw%40163.co HTTP/1.1" 200 36
[2022-03-16 05:35:12,557] [basehttp.py:161] [basehttp:log_message] [INFO]- "GET /api/users/nick_repeat?nick=pxw%40163.co HTTP/1.1" 200 36
[2022-03-16 05:35:13,012] [basehttp.py:161] [basehttp:log_message] [INFO]- "GET /api/users/nick_repeat?nick=pxw%40163.co HTTP/1.1" 200 36
[2022-03-16 05:35:19,942] [basehttp.py:161] [basehttp:log_message] [INFO]- "GET /api/users/nick_repeat?nick=pxw%40163.co HTTP/1.1" 200 36
[2022-03-16 05:35:20,403] [basehttp.py:161] [basehttp:log_message] [INFO]- "GET /api/users/nick_repeat?nick=pxw%40163.co HTTP/1.1" 200 36
[2022-03-16 05:36:28,749] [basehttp.py:161] [basehttp:log_message] [INFO]- "GET /api/users/nick_repeat?nick=pxw%40163.co HTTP/1.1" 200 36
[2022-03-16 05:36:29,169] [basehttp.py:161] [basehttp:log_message] [INFO]- "GET /api/users/nick_repeat?nick=pxw%40163.co HTTP/1.1" 200 36
[2022-03-16 05:36:31,354] [basehttp.py:161] [basehttp:log_message] [INFO]- "GET /api/users/nick_repeat?nick=pxw%40163.co HTTP/1.1" 200 36
[2022-03-16 05:36:31,827] [basehttp.py:161] [basehttp:log_message] [INFO]- "GET /api/users/nick_repeat?nick=pxw%40163.co HTTP/1.1" 200 36
[2022-03-16 05:36:32,154] [basehttp.py:161] [basehttp:log_message] [INFO]- "GET /api/users/show_schools HTTP/1.1" 200 918
[2022-03-16 05:36:58,440] [basehttp.py:161] [basehttp:log_message] [INFO]- "GET /api/users/nick_repeat?nick=pxw%40163.co HTTP/1.1" 200 36
[2022-03-16 05:36:58,907] [basehttp.py:161] [basehttp:log_message] [INFO]- "GET /api/users/nick_repeat?nick=pxw%40163.co HTTP/1.1" 200 36
[2022-03-16 05:36:59,994] [basehttp.py:161] [basehttp:log_message] [INFO]- "GET /api/users/show_schools HTTP/1.1" 200 918
[2022-03-16 05:37:09,323] [basehttp.py:161] [basehttp:log_message] [INFO]- "GET /api/users/nick_repeat?nick=pxw%40163.co HTTP/1.1" 200 36
[2022-03-16 05:37:09,790] [basehttp.py:161] [basehttp:log_message] [INFO]- "GET /api/users/nick_repeat?nick=pxw%40163.co HTTP/1.1" 200 36
[2022-03-16 05:37:10,018] [basehttp.py:161] [basehttp:log_message] [INFO]- "GET /api/users/show_schools HTTP/1.1" 200 918
[2022-03-16 05:37:12,358] [basehttp.py:161] [basehttp:log_message] [INFO]- "GET /api/users/show_colleges?sid=10335 HTTP/1.1" 200 381
[2022-03-16 05:38:49,510] [basehttp.py:161] [basehttp:log_message] [INFO]- "GET /api/class/get_recommend HTTP/1.1" 200 1403
[2022-03-16 05:38:49,716] [basehttp.py:161] [basehttp:log_message] [INFO]- "GET /media/web/img/class/162.jpg HTTP/1.1" 200 61969
[2022-03-16 05:38:49,718] [basehttp.py:161] [basehttp:log_message] [INFO]- "GET /media/web/img/class/177.jpg HTTP/1.1" 200 212983
[2022-03-16 05:39:00,129] [basehttp.py:161] [basehttp:log_message] [INFO]- "GET /api/class/get_single_course/177 HTTP/1.1" 200 299
[2022-03-16 05:39:11,852] [basehttp.py:161] [basehttp:log_message] [INFO]- "GET /api/class/get_recommend HTTP/1.1" 200 1378
[2022-03-16 05:39:11,865] [basehttp.py:161] [basehttp:log_message] [INFO]- "GET /media/web/img/class/72.jpg HTTP/1.1" 200 57816
[2022-03-16 05:39:11,866] [basehttp.py:161] [basehttp:log_message] [INFO]- "GET /media/web/img/class/1216.jpg HTTP/1.1" 200 153939
[2022-03-16 05:39:20,658] [basehttp.py:161] [basehttp:log_message] [INFO]- "GET /api/class/get_single_course/803 HTTP/1.1" 200 281
[2022-03-16 05:39:26,414] [basehttp.py:161] [basehttp:log_message] [INFO]- "GET /api/class/get_recommend HTTP/1.1" 200 1381
[2022-03-16 05:39:26,425] [basehttp.py:161] [basehttp:log_message] [INFO]- "GET /media/web/img/class/457.jpg HTTP/1.1" 200 56226
[2022-03-16 05:50:20,924] [autoreload.py:251] [autoreload:trigger_reload] [INFO]- /Users/linshengfeng/学习/大四上/毕业设计/mooc_recommender_system/mooc_back_end/web/class/util.py changed, reloading.
[2022-03-16 05:50:21,503] [autoreload.py:637] [autoreload:run_with_reloader] [INFO]- Watching for file changes with StatReloader
[2022-03-16 05:50:50,261] [autoreload.py:251] [autoreload:trigger_reload] [INFO]- /Users/linshengfeng/学习/大四上/毕业设计/mooc_recommender_system/mooc_back_end/web/models.py changed, reloading.
[2022-03-16 05:50:50,633] [autoreload.py:637] [autoreload:run_with_reloader] [INFO]- Watching for file changes with StatReloader
[2022-03-16 05:54:40,546] [autoreload.py:251] [autoreload:trigger_reload] [INFO]- /Users/linshengfeng/学习/大四上/毕业设计/mooc_recommender_system/mooc_back_end/web/models.py changed, reloading.
[2022-03-16 05:54:40,950] [autoreload.py:637] [autoreload:run_with_reloader] [INFO]- Watching for file changes with StatReloader
[2022-03-16 05:55:11,566] [autoreload.py:251] [autoreload:trigger_reload] [INFO]- /Users/linshengfeng/学习/大四上/毕业设计/mooc_recommender_system/mooc_back_end/web/models.py changed, reloading.
[2022-03-16 05:55:11,958] [autoreload.py:637] [autoreload:run_with_reloader] [INFO]- Watching for file changes with StatReloader
[2022-03-16 06:05:22,368] [autoreload.py:251] [autoreload:trigger_reload] [INFO]- /Users/linshengfeng/学习/大四上/毕业设计/mooc_recommender_system/mooc_back_end/web/class/util.py changed, reloading.
[2022-03-16 06:05:22,924] [autoreload.py:637] [autoreload:run_with_reloader] [INFO]- Watching for file changes with StatReloader
[2022-03-16 06:06:19,502] [autoreload.py:251] [autoreload:trigger_reload] [INFO]- /Users/linshengfeng/学习/大四上/毕业设计/mooc_recommender_system/mooc_back_end/web/class/urls.py changed, reloading.
[2022-03-16 06:06:19,869] [autoreload.py:637] [autoreload:run_with_reloader] [INFO]- Watching for file changes with StatReloader
[2022-03-16 06:06:22,644] [basehttp.py:161] [basehttp:log_message] [INFO]- "GET /api/class/get_all_types HTTP/1.1" 200 1022
[2022-03-16 06:11:57,706] [basehttp.py:161] [basehttp:log_message] [INFO]- "GET /api/class/get_all_types HTTP/1.1" 200 1022
[2022-03-16 06:15:19,289] [basehttp.py:161] [basehttp:log_message] [INFO]- "GET /api/class/get_all_types HTTP/1.1" 200 1022
[2022-03-16 06:15:27,335] [basehttp.py:161] [basehttp:log_message] [INFO]- "GET /api/class/get_all_types HTTP/1.1" 200 1022
[2022-03-16 06:15:57,077] [basehttp.py:161] [basehttp:log_message] [INFO]- "GET /api/class/get_all_types HTTP/1.1" 200 1022
[2022-03-16 06:16:36,503] [basehttp.py:161] [basehttp:log_message] [INFO]- "GET /api/class/get_all_types HTTP/1.1" 200 1022
[2022-03-16 06:16:39,244] [basehttp.py:161] [basehttp:log_message] [INFO]- "GET /api/class/get_all_types HTTP/1.1" 200 1022
[2022-03-16 06:17:20,817] [basehttp.py:161] [basehttp:log_message] [INFO]- "GET /api/class/get_all_types HTTP/1.1" 200 1022
[2022-03-16 06:17:37,020] [basehttp.py:161] [basehttp:log_message] [INFO]- "GET /api/class/get_all_types HTTP/1.1" 200 1022
[2022-03-16 06:19:49,735] [basehttp.py:161] [basehttp:log_message] [INFO]- "GET /api/class/get_all_types HTTP/1.1" 200 1022
[2022-03-16 06:19:53,711] [basehttp.py:161] [basehttp:log_message] [INFO]- "GET /api/class/get_all_types HTTP/1.1" 200 1022
[2022-03-16 06:20:57,038] [basehttp.py:161] [basehttp:log_message] [INFO]- "GET /api/class/get_all_types HTTP/1.1" 200 1022
[2022-03-16 06:20:58,653] [basehttp.py:161] [basehttp:log_message] [INFO]- "GET /api/class/get_all_types HTTP/1.1" 200 1022
[2022-03-16 06:21:25,735] [basehttp.py:161] [basehttp:log_message] [INFO]- "GET /api/class/get_all_types HTTP/1.1" 200 1022
[2022-03-16 06:21:59,244] [basehttp.py:161] [basehttp:log_message] [INFO]- "GET /api/class/get_all_types HTTP/1.1" 200 1022
[2022-03-16 06:23:22,632] [basehttp.py:161] [basehttp:log_message] [INFO]- "GET /api/class/get_all_types HTTP/1.1" 200 1022
[2022-03-16 06:24:24,783] [basehttp.py:161] [basehttp:log_message] [INFO]- "GET /api/class/get_all_types HTTP/1.1" 200 1022
[2022-03-16 06:24:28,966] [basehttp.py:161] [basehttp:log_message] [INFO]- "GET /api/class/get_all_types HTTP/1.1" 200 1022
[2022-03-16 06:24:52,269] [basehttp.py:161] [basehttp:log_message] [INFO]- "GET /api/class/get_all_types HTTP/1.1" 200 1022
[2022-03-16 06:24:54,065] [basehttp.py:161] [basehttp:log_message] [INFO]- "GET /api/class/get_all_types HTTP/1.1" 200 1022
[2022-03-16 06:27:43,892] [basehttp.py:161] [basehttp:log_message] [INFO]- "GET /api/class/get_all_types HTTP/1.1" 200 1022
[2022-03-16 06:27:45,944] [basehttp.py:161] [basehttp:log_message] [INFO]- "GET /api/class/get_all_types HTTP/1.1" 200 1022
[2022-03-16 06:28:17,008] [basehttp.py:161] [basehttp:log_message] [INFO]- "GET /api/class/get_all_types HTTP/1.1" 200 1022
[2022-03-16 06:29:08,313] [basehttp.py:161] [basehttp:log_message] [INFO]- "GET /api/class/get_all_types HTTP/1.1" 200 1022
[2022-03-16 06:30:27,543] [basehttp.py:161] [basehttp:log_message] [INFO]- "GET /api/class/get_all_types HTTP/1.1" 200 1022
[2022-03-16 06:31:56,802] [basehttp.py:161] [basehttp:log_message] [INFO]- "GET /api/class/get_all_types HTTP/1.1" 200 1022
[2022-03-16 06:31:58,781] [basehttp.py:161] [basehttp:log_message] [INFO]- "GET /api/class/get_all_types HTTP/1.1" 200 1022
[2022-03-16 06:32:19,624] [basehttp.py:161] [basehttp:log_message] [INFO]- "GET /api/class/get_all_types HTTP/1.1" 200 1022
[2022-03-16 06:32:21,298] [basehttp.py:161] [basehttp:log_message] [INFO]- "GET /api/class/get_all_types HTTP/1.1" 200 1022
[2022-03-16 06:32:32,328] [basehttp.py:161] [basehttp:log_message] [INFO]- "GET /api/class/get_all_types HTTP/1.1" 200 1022
[2022-03-16 06:32:34,466] [basehttp.py:161] [basehttp:log_message] [INFO]- "GET /api/class/get_all_types HTTP/1.1" 200 1022
[2022-03-16 06:34:19,871] [basehttp.py:161] [basehttp:log_message] [INFO]- "GET /api/class/get_all_types HTTP/1.1" 200 1022
[2022-03-16 06:34:22,372] [basehttp.py:161] [basehttp:log_message] [INFO]- "GET /api/class/get_all_types HTTP/1.1" 200 1022
[2022-03-16 06:35:33,610] [basehttp.py:161] [basehttp:log_message] [INFO]- "GET /api/class/get_all_types HTTP/1.1" 200 1022
[2022-03-16 06:35:34,811] [basehttp.py:161] [basehttp:log_message] [INFO]- "GET /api/class/get_all_types HTTP/1.1" 200 1022
[2022-03-16 06:37:05,017] [basehttp.py:161] [basehttp:log_message] [INFO]- "GET /api/class/get_all_types HTTP/1.1" 200 1022
[2022-03-16 06:37:18,255] [basehttp.py:161] [basehttp:log_message] [INFO]- "GET /api/class/get_all_types HTTP/1.1" 200 1022
[2022-03-16 06:38:05,602] [basehttp.py:161] [basehttp:log_message] [INFO]- "GET /api/class/get_all_types HTTP/1.1" 200 1022
[2022-03-16 06:38:08,085] [basehttp.py:161] [basehttp:log_message] [INFO]- "GET /api/class/get_all_types HTTP/1.1" 200 1022
[2022-03-16 06:38:55,459] [basehttp.py:161] [basehttp:log_message] [INFO]- "GET /api/class/get_all_types HTTP/1.1" 200 1022
[2022-03-16 06:38:59,611] [basehttp.py:161] [basehttp:log_message] [INFO]- "GET /api/class/get_all_types HTTP/1.1" 200 1022
[2022-03-16 06:39:07,560] [basehttp.py:161] [basehttp:log_message] [INFO]- "GET /api/class/get_all_types HTTP/1.1" 200 1022
[2022-03-16 06:40:51,887] [basehttp.py:161] [basehttp:log_message] [INFO]- "GET /api/class/get_all_types HTTP/1.1" 200 1022
[2022-03-16 06:45:24,075] [basehttp.py:161] [basehttp:log_message] [INFO]- "GET /api/class/get_all_types HTTP/1.1" 200 1022
[2022-03-16 06:47:20,033] [basehttp.py:161] [basehttp:log_message] [INFO]- "GET /api/class/get_all_types HTTP/1.1" 200 1022
[2022-03-16 06:48:19,844] [basehttp.py:161] [basehttp:log_message] [INFO]- "GET /api/class/get_all_types HTTP/1.1" 200 1022
[2022-03-16 06:50:52,833] [basehttp.py:161] [basehttp:log_message] [INFO]- "GET /api/class/get_all_types HTTP/1.1" 200 1022
[2022-03-16 06:52:36,472] [basehttp.py:161] [basehttp:log_message] [INFO]- "GET /api/class/get_all_types HTTP/1.1" 200 1022
[2022-03-16 06:52:43,391] [basehttp.py:161] [basehttp:log_message] [INFO]- "GET /api/class/get_recommend HTTP/1.1" 200 1335
[2022-03-16 06:52:43,548] [basehttp.py:161] [basehttp:log_message] [INFO]- "GET /media/web/img/class/761.jpg HTTP/1.1" 200 45265
[2022-03-16 06:52:43,549] [basehttp.py:161] [basehttp:log_message] [INFO]- "GET /media/web/img/class/1013.jpg HTTP/1.1" 200 38905
[2022-03-16 07:04:42,173] [basehttp.py:161] [basehttp:log_message] [INFO]- "GET /api/class/get_recommend HTTP/1.1" 200 1454
[2022-03-16 07:04:42,188] [basehttp.py:161] [basehttp:log_message] [INFO]- "GET /media/web/img/class/82.jpg HTTP/1.1" 200 218670
[2022-03-16 07:04:44,920] [basehttp.py:161] [basehttp:log_message] [INFO]- "GET /api/class/get_recommend HTTP/1.1" 200 1433
[2022-03-16 07:04:44,992] [basehttp.py:161] [basehttp:log_message] [INFO]- "GET /media/web/img/class/146.jpg HTTP/1.1" 200 38931
[2022-03-16 07:04:44,993] [basehttp.py:161] [basehttp:log_message] [INFO]- "GET /media/web/img/class/817.jpg HTTP/1.1" 200 81846
[2022-03-16 07:06:19,947] [basehttp.py:161] [basehttp:log_message] [INFO]- "GET /api/class/get_recommend HTTP/1.1" 200 1586
[2022-03-16 07:06:19,969] [basehttp.py:161] [basehttp:log_message] [INFO]- "GET /media/web/img/class/79.jpg HTTP/1.1" 200 19955
[2022-03-16 07:06:19,970] [basehttp.py:161] [basehttp:log_message] [INFO]- "GET /media/web/img/class/104.jpg HTTP/1.1" 200 174530
[2022-03-16 07:06:29,568] [basehttp.py:161] [basehttp:log_message] [INFO]- "GET /api/class/get_recommend HTTP/1.1" 200 1382
[2022-03-16 07:06:29,896] [basehttp.py:161] [basehttp:log_message] [INFO]- "GET /media/web/img/class/57.jpg HTTP/1.1" 200 29394
[2022-03-16 07:06:29,897] [basehttp.py:161] [basehttp:log_message] [INFO]- "GET /media/web/img/class/73.jpg HTTP/1.1" 200 30644
[2022-03-16 07:06:29,899] [basehttp.py:161] [basehttp:log_message] [INFO]- "GET /media/web/img/class/620.jpg HTTP/1.1" 200 70136
[2022-03-16 07:06:29,900] [basehttp.py:161] [basehttp:log_message] [INFO]- "GET /media/web/img/class/1265.jpg HTTP/1.1" 200 150128
[2022-03-16 07:06:42,835] [basehttp.py:161] [basehttp:log_message] [INFO]- "GET /api/class/get_recommend HTTP/1.1" 200 1327
[2022-03-16 07:07:07,737] [basehttp.py:161] [basehttp:log_message] [INFO]- "GET /api/class/get_recommend HTTP/1.1" 200 1376
[2022-03-16 07:07:07,906] [basehttp.py:161] [basehttp:log_message] [INFO]- "GET /media/web/img/class/452.jpg HTTP/1.1" 200 9695
[2022-03-16 07:07:07,909] [basehttp.py:161] [basehttp:log_message] [INFO]- "GET /media/web/img/class/618.jpg HTTP/1.1" 200 127792
[2022-03-16 07:08:54,608] [basehttp.py:161] [basehttp:log_message] [INFO]- "GET /api/class/get_recommend HTTP/1.1" 200 1391
[2022-03-16 07:08:54,795] [basehttp.py:161] [basehttp:log_message] [INFO]- "GET /media/web/img/class/110.jpg HTTP/1.1" 200 66832
[2022-03-16 07:09:02,700] [basehttp.py:161] [basehttp:log_message] [INFO]- "GET /api/class/get_single_course/724 HTTP/1.1" 200 278
[2022-03-16 07:09:11,268] [basehttp.py:161] [basehttp:log_message] [INFO]- "GET /api/class/get_recommend HTTP/1.1" 200 1358
[2022-03-16 07:09:11,275] [basehttp.py:161] [basehttp:log_message] [INFO]- "GET /media/web/img/class/46.jpg HTTP/1.1" 200 33473
[2022-03-16 07:09:11,276] [basehttp.py:161] [basehttp:log_message] [INFO]- "GET /media/web/img/class/877.jpg HTTP/1.1" 200 470929
[2022-03-16 07:09:47,970] [basehttp.py:161] [basehttp:log_message] [INFO]- "GET /api/class/get_recommend HTTP/1.1" 200 1403
[2022-03-16 07:09:47,991] [basehttp.py:161] [basehttp:log_message] [INFO]- "GET /media/web/img/class/804.jpg HTTP/1.1" 200 26661
[2022-03-16 07:09:53,729] [basehttp.py:161] [basehttp:log_message] [INFO]- "GET /api/class/get_all_types HTTP/1.1" 200 1022
[2022-03-16 07:09:56,860] [basehttp.py:161] [basehttp:log_message] [INFO]- "GET /api/class/get_recommend HTTP/1.1" 200 1385
[2022-03-16 07:09:56,873] [basehttp.py:161] [basehttp:log_message] [INFO]- "GET /media/web/img/class/1105.jpg HTTP/1.1" 200 107054
[2022-03-16 07:09:59,527] [basehttp.py:161] [basehttp:log_message] [INFO]- "GET /api/class/get_single_course/1105 HTTP/1.1" 200 275
[2022-03-16 07:10:02,129] [basehttp.py:161] [basehttp:log_message] [INFO]- "GET /api/class/get_recommend HTTP/1.1" 200 1524
[2022-03-16 07:10:02,144] [basehttp.py:161] [basehttp:log_message] [INFO]- "GET /media/web/img/class/517.jpg HTTP/1.1" 200 46155
[2022-03-16 07:10:02,145] [basehttp.py:161] [basehttp:log_message] [INFO]- "GET /media/web/img/class/39.jpg HTTP/1.1" 200 67415
[2022-03-16 07:10:36,581] [basehttp.py:161] [basehttp:log_message] [INFO]- "GET /media/web/img/class/0.jpg HTTP/1.1" 200 43333
[2022-03-16 07:10:36,588] [basehttp.py:161] [basehttp:log_message] [INFO]- "GET /media/web/img/class/1.jpg HTTP/1.1" 200 59435
[2022-03-16 07:10:36,594] [basehttp.py:161] [basehttp:log_message] [INFO]- "GET /media/web/img/class/2.jpg HTTP/1.1" 200 94905
[2022-03-16 07:10:36,599] [basehttp.py:161] [basehttp:log_message] [INFO]- "GET /media/web/img/class/3.jpg HTTP/1.1" 200 42378
[2022-03-16 07:10:36,603] [basehttp.py:161] [basehttp:log_message] [INFO]- "GET /media/web/img/class/4.jpg HTTP/1.1" 200 28156
[2022-03-16 07:10:36,646] [basehttp.py:161] [basehttp:log_message] [INFO]- "GET /api/class/get_recommend HTTP/1.1" 200 1335
[2022-03-16 07:10:36,657] [basehttp.py:161] [basehttp:log_message] [INFO]- "GET /media/web/img/class/default.jpg HTTP/1.1" 200 57453
[2022-03-16 07:10:36,657] [basehttp.py:161] [basehttp:log_message] [INFO]- "GET /media/web/img/class/230.jpg HTTP/1.1" 200 25238
[2022-03-16 07:10:36,658] [basehttp.py:161] [basehttp:log_message] [INFO]- "GET /media/web/img/class/1067.jpg HTTP/1.1" 200 70665
[2022-03-16 07:12:03,231] [basehttp.py:161] [basehttp:log_message] [INFO]- "GET /api/class/get_recommend HTTP/1.1" 200 1297
[2022-03-16 07:12:03,245] [basehttp.py:161] [basehttp:log_message] [INFO]- "GET /media/web/img/class/128.jpg HTTP/1.1" 200 36512
[2022-03-16 07:12:03,245] [basehttp.py:161] [basehttp:log_message] [INFO]- "GET /media/web/img/class/414.jpg HTTP/1.1" 200 74466
[2022-03-16 07:12:03,246] [basehttp.py:161] [basehttp:log_message] [INFO]- "GET /media/web/img/class/1000.jpg HTTP/1.1" 200 75734
[2022-03-16 07:12:23,957] [basehttp.py:161] [basehttp:log_message] [INFO]- "GET /api/class/get_recommend HTTP/1.1" 200 1381
[2022-03-16 07:12:24,122] [basehttp.py:161] [basehttp:log_message] [INFO]- "GET /media/web/img/class/571.jpg HTTP/1.1" 200 34532
[2022-03-16 07:12:24,122] [basehttp.py:161] [basehttp:log_message] [INFO]- "GET /media/web/img/class/746.jpg HTTP/1.1" 200 150128
[2022-03-16 07:13:12,067] [basehttp.py:161] [basehttp:log_message] [INFO]- "GET /api/class/get_recommend HTTP/1.1" 200 1323
[2022-03-16 07:15:43,746] [basehttp.py:161] [basehttp:log_message] [INFO]- "GET /api/class/get_recommend HTTP/1.1" 200 1398
[2022-03-16 07:15:43,916] [basehttp.py:161] [basehttp:log_message] [INFO]- "GET /media/web/img/class/208.jpg HTTP/1.1" 200 49405
[2022-03-16 07:15:43,917] [basehttp.py:161] [basehttp:log_message] [INFO]- "GET /media/web/img/class/226.jpg HTTP/1.1" 200 113607
[2022-03-16 07:17:36,885] [autoreload.py:637] [autoreload:run_with_reloader] [INFO]- Watching for file changes with StatReloader
[2022-03-16 07:17:53,478] [basehttp.py:161] [basehttp:log_message] [INFO]- "GET /api/class/get_recommend HTTP/1.1" 200 1409
[2022-03-16 07:17:53,644] [basehttp.py:161] [basehttp:log_message] [INFO]- "GET /media/web/img/class/919.jpg HTTP/1.1" 200 56546
[2022-03-16 07:18:58,956] [basehttp.py:161] [basehttp:log_message] [INFO]- "GET /api/class/get_recommend HTTP/1.1" 200 1426
[2022-03-16 07:18:58,974] [basehttp.py:161] [basehttp:log_message] [INFO]- "GET /media/web/img/class/891.jpg HTTP/1.1" 200 43408
[2022-03-16 07:19:04,753] [basehttp.py:161] [basehttp:log_message] [INFO]- "GET /api/class/get_recommend HTTP/1.1" 200 1386
[2022-03-16 07:19:05,051] [basehttp.py:161] [basehttp:log_message] [INFO]- "GET /media/web/img/class/186.jpg HTTP/1.1" 200 18975
[2022-03-16 07:19:05,052] [basehttp.py:161] [basehttp:log_message] [INFO]- "GET /media/web/img/class/924.jpg HTTP/1.1" 200 40082
[2022-03-16 07:19:05,052] [basehttp.py:161] [basehttp:log_message] [INFO]- "GET /media/web/img/class/514.jpg HTTP/1.1" 200 41481
[2022-03-16 07:19:05,052] [basehttp.py:161] [basehttp:log_message] [INFO]- "GET /media/web/img/class/735.jpg HTTP/1.1" 200 70750
[2022-03-16 14:16:31,640] [autoreload.py:637] [autoreload:run_with_reloader] [INFO]- Watching for file changes with StatReloader
[2022-03-16 14:16:35,700] [basehttp.py:161] [basehttp:log_message] [INFO]- "GET /api/class/get_recommend HTTP/1.1" 200 1373
[2022-03-16 14:16:35,711] [basehttp.py:161] [basehttp:log_message] [INFO]- "GET /media/web/img/class/12.jpg HTTP/1.1" 200 40108
[2022-03-16 14:19:51,632] [basehttp.py:161] [basehttp:log_message] [INFO]- "GET /api/class/get_all_types HTTP/1.1" 200 1022
[2022-03-16 14:23:47,540] [basehttp.py:161] [basehttp:log_message] [INFO]- "GET /api/class/get_all_types HTTP/1.1" 200 1022
[2022-03-16 14:23:53,908] [basehttp.py:161] [basehttp:log_message] [INFO]- "GET /api/class/get_all_types HTTP/1.1" 200 1022
[2022-03-16 14:24:44,210] [basehttp.py:161] [basehttp:log_message] [INFO]- "GET /api/users/nick_repeat?nick=pxw%40163.co HTTP/1.1" 200 36
[2022-03-16 14:24:44,399] [basehttp.py:161] [basehttp:log_message] [INFO]- "GET /api/users/nick_repeat?nick=pxw%40163.co HTTP/1.1" 200 36
[2022-03-16 14:24:44,975] [basehttp.py:161] [basehttp:log_message] [INFO]- "POST /api/users/log_in HTTP/1.1" 200 461
[2022-03-16 14:24:45,005] [basehttp.py:161] [basehttp:log_message] [INFO]- "GET /media/web/img/avatar/2102bb285aa7bc8d9b7372e9ac42f3c1.jpg HTTP/1.1" 304 0
[2022-03-16 14:24:55,850] [basehttp.py:161] [basehttp:log_message] [INFO]- "GET /api/class/get_recommend HTTP/1.1" 200 1364
[2022-03-16 14:24:56,129] [basehttp.py:161] [basehttp:log_message] [INFO]- "GET /media/web/img/class/925.jpg HTTP/1.1" 200 19007
[2022-03-16 14:24:56,130] [basehttp.py:161] [basehttp:log_message] [INFO]- "GET /media/web/img/class/998.jpg HTTP/1.1" 200 17229
[2022-03-16 14:24:56,130] [basehttp.py:161] [basehttp:log_message] [INFO]- "GET /media/web/img/class/1279.jpg HTTP/1.1" 200 40435
[2022-03-16 14:25:01,145] [basehttp.py:161] [basehttp:log_message] [INFO]- "GET /api/class/get_all_types HTTP/1.1" 200 1022
[2022-03-16 14:25:47,287] [basehttp.py:161] [basehttp:log_message] [INFO]- "GET /api/class/get_all_types HTTP/1.1" 200 1022
[2022-03-16 14:25:48,635] [basehttp.py:161] [basehttp:log_message] [INFO]- "GET /api/class/get_recommend HTTP/1.1" 200 1323
[2022-03-16 14:25:48,661] [basehttp.py:161] [basehttp:log_message] [INFO]- "GET /media/web/img/class/380.jpg HTTP/1.1" 200 20944
[2022-03-16 14:25:48,662] [basehttp.py:161] [basehttp:log_message] [INFO]- "GET /media/web/img/class/312.jpg HTTP/1.1" 200 63074
[2022-03-16 14:26:16,960] [basehttp.py:161] [basehttp:log_message] [INFO]- "GET /api/class/get_all_types HTTP/1.1" 200 1022
[2022-03-16 14:28:51,311] [basehttp.py:161] [basehttp:log_message] [INFO]- "GET /api/class/get_all_types HTTP/1.1" 200 1022
[2022-03-16 14:29:17,003] [basehttp.py:161] [basehttp:log_message] [INFO]- "GET /api/class/get_all_types HTTP/1.1" 200 1022
[2022-03-16 14:30:31,413] [basehttp.py:161] [basehttp:log_message] [INFO]- "GET /api/class/get_all_types HTTP/1.1" 200 1022
[2022-03-16 14:33:35,367] [basehttp.py:161] [basehttp:log_message] [INFO]- "GET /api/class/get_all_types HTTP/1.1" 200 1022
[2022-03-16 14:34:39,164] [basehttp.py:161] [basehttp:log_message] [INFO]- "GET /api/class/get_all_types HTTP/1.1" 200 1022
[2022-03-16 14:34:48,631] [basehttp.py:161] [basehttp:log_message] [INFO]- "GET /api/class/get_all_types HTTP/1.1" 200 1022
[2022-03-16 14:35:29,745] [basehttp.py:161] [basehttp:log_message] [INFO]- "GET /api/class/get_all_types HTTP/1.1" 200 1022
[2022-03-16 14:40:40,508] [basehttp.py:161] [basehttp:log_message] [INFO]- "GET /api/class/get_all_types HTTP/1.1" 200 1022
