[2022-03-25 02:50:27,623] [autoreload.py:637] [autoreload:run_with_reloader] [INFO]- Watching for file changes with StatReloader
[2022-03-25 02:50:35,067] [basehttp.py:161] [basehttp:log_message] [INFO]- "GET /api/class/get_recommend HTTP/1.1" 200 1343
[2022-03-25 02:50:49,673] [basehttp.py:161] [basehttp:log_message] [INFO]- "GET /api/users/nick_repeat?nick=pxw%40163.co HTTP/1.1" 200 36
[2022-03-25 02:50:50,130] [basehttp.py:161] [basehttp:log_message] [INFO]- "GET /api/users/nick_repeat?nick=pxw%40163.co HTTP/1.1" 200 36
[2022-03-25 02:50:56,291] [basehttp.py:161] [basehttp:log_message] [INFO]- "POST /api/users/log_in HTTP/1.1" 200 70
[2022-03-25 02:51:02,943] [basehttp.py:161] [basehttp:log_message] [INFO]- "POST /api/users/log_in HTTP/1.1" 200 419
[2022-03-25 06:01:36,685] [basehttp.py:161] [basehttp:log_message] [INFO]- "GET /api/class/get_recommend HTTP/1.1" 200 1391
[2022-03-25 06:01:36,762] [basehttp.py:161] [basehttp:log_message] [INFO]- "GET /media/web/img/class/334.jpg HTTP/1.1" 200 261439
[2022-03-25 06:01:40,875] [basehttp.py:161] [basehttp:log_message] [INFO]- "GET /api/users/nick_repeat?nick=pxw%40163.co HTTP/1.1" 200 36
[2022-03-25 06:01:41,336] [basehttp.py:161] [basehttp:log_message] [INFO]- "GET /api/users/nick_repeat?nick=pxw%40163.co HTTP/1.1" 200 36
[2022-03-25 06:01:54,344] [basehttp.py:161] [basehttp:log_message] [INFO]- "POST /api/users/log_in HTTP/1.1" 200 417
[2022-03-25 06:01:58,428] [basehttp.py:161] [basehttp:log_message] [INFO]- "GET /api/class/get_recommend HTTP/1.1" 200 1480
[2022-03-25 06:01:58,447] [basehttp.py:161] [basehttp:log_message] [INFO]- "GET /media/web/img/class/594.jpg HTTP/1.1" 304 0
[2022-03-25 06:01:58,448] [basehttp.py:161] [basehttp:log_message] [INFO]- "GET /media/web/img/class/250.jpg HTTP/1.1" 200 218061
[2022-03-25 06:02:25,157] [basehttp.py:161] [basehttp:log_message] [INFO]- "GET /api/class/get_recommend HTTP/1.1" 200 1389
[2022-03-25 06:02:34,333] [basehttp.py:161] [basehttp:log_message] [INFO]- "GET /api/class/get_all_types HTTP/1.1" 200 1022
[2022-03-25 06:02:36,596] [basehttp.py:161] [basehttp:log_message] [INFO]- "GET /api/class/get_all_recommends/20/0/0 HTTP/1.1" 200 5394
[2022-03-25 06:02:36,621] [basehttp.py:161] [basehttp:log_message] [INFO]- "GET /media/web/img/class/13.jpg HTTP/1.1" 304 0
[2022-03-25 06:02:44,309] [basehttp.py:161] [basehttp:log_message] [INFO]- "GET /api/class/get_all_recommends/20/0/1 HTTP/1.1" 200 5731
[2022-03-25 06:02:44,331] [basehttp.py:161] [basehttp:log_message] [INFO]- "GET /media/web/img/class/1284.jpg HTTP/1.1" 304 0
[2022-03-25 06:02:44,333] [basehttp.py:161] [basehttp:log_message] [INFO]- "GET /media/web/img/class/804.jpg HTTP/1.1" 304 0
[2022-03-25 06:02:44,336] [basehttp.py:161] [basehttp:log_message] [INFO]- "GET /media/web/img/class/923.jpg HTTP/1.1" 200 220484
[2022-03-25 06:02:44,337] [basehttp.py:161] [basehttp:log_message] [INFO]- "GET /media/web/img/class/930.jpg HTTP/1.1" 200 216127
[2022-03-25 06:02:47,542] [basehttp.py:161] [basehttp:log_message] [INFO]- "GET /api/class/get_all_recommends/20/0/0 HTTP/1.1" 200 5394
[2022-03-25 06:03:03,476] [basehttp.py:161] [basehttp:log_message] [INFO]- "GET /api/class/get_all_recommends/20/20/0 HTTP/1.1" 200 5385
[2022-03-25 06:04:23,049] [basehttp.py:161] [basehttp:log_message] [INFO]- "GET /api/class/get_all_recommends/20/40/0 HTTP/1.1" 200 5707
[2022-03-25 06:04:36,503] [basehttp.py:161] [basehttp:log_message] [INFO]- "GET /api/class/get_all_recommends/20/60/0 HTTP/1.1" 200 5557
[2022-03-25 06:04:36,522] [basehttp.py:161] [basehttp:log_message] [INFO]- "GET /media/web/img/class/62.jpg HTTP/1.1" 200 220484
[2022-03-25 06:04:36,523] [basehttp.py:161] [basehttp:log_message] [INFO]- "GET /media/web/img/class/63.jpg HTTP/1.1" 200 277032
[2022-03-25 06:04:36,523] [basehttp.py:161] [basehttp:log_message] [INFO]- "GET /media/web/img/class/77.jpg HTTP/1.1" 200 50734
[2022-03-25 06:04:36,526] [basehttp.py:161] [basehttp:log_message] [INFO]- "GET /media/web/img/class/73.jpg HTTP/1.1" 304 0
[2022-03-25 06:04:36,527] [basehttp.py:161] [basehttp:log_message] [INFO]- "GET /media/web/img/class/67.jpg HTTP/1.1" 200 211519
[2022-03-25 06:04:36,528] [basehttp.py:161] [basehttp:log_message] [INFO]- "GET /media/web/img/class/70.jpg HTTP/1.1" 200 139683
[2022-03-25 06:04:36,528] [basehttp.py:161] [basehttp:log_message] [INFO]- "GET /media/web/img/class/72.jpg HTTP/1.1" 304 0
[2022-03-25 06:04:36,529] [basehttp.py:161] [basehttp:log_message] [INFO]- "GET /media/web/img/class/79.jpg HTTP/1.1" 304 0
[2022-03-25 06:04:36,532] [basehttp.py:161] [basehttp:log_message] [INFO]- "GET /media/web/img/class/71.jpg HTTP/1.1" 200 274108
[2022-03-25 06:04:36,537] [basehttp.py:161] [basehttp:log_message] [INFO]- "GET /media/web/img/class/78.jpg HTTP/1.1" 200 128339
[2022-03-25 06:04:36,537] [basehttp.py:161] [basehttp:log_message] [INFO]- "GET /media/web/img/class/74.jpg HTTP/1.1" 200 167654
