[2022-03-26 03:26:23,450] [autoreload.py:637] [autoreload:run_with_reloader] [INFO]- Watching for file changes with StatReloader
[2022-03-26 03:26:37,967] [basehttp.py:161] [basehttp:log_message] [INFO]- "GET /api/class/get_recommend HTTP/1.1" 200 1507
[2022-03-26 03:26:38,017] [basehttp.py:161] [basehttp:log_message] [INFO]- "GET /media/web/img/class/115.jpg HTTP/1.1" 200 118528
[2022-03-26 03:26:38,019] [basehttp.py:161] [basehttp:log_message] [INFO]- "GET /media/web/img/class/650.jpg HTTP/1.1" 200 167141
[2022-03-26 03:26:49,275] [basehttp.py:161] [basehttp:log_message] [INFO]- "GET /api/users/nick_repeat?nick=pxw%40163.co HTTP/1.1" 200 36
[2022-03-26 03:26:49,736] [basehttp.py:161] [basehttp:log_message] [INFO]- "GET /api/users/nick_repeat?nick=pxw%40163.co HTTP/1.1" 200 36
[2022-03-26 03:27:07,411] [basehttp.py:161] [basehttp:log_message] [INFO]- "POST /api/users/log_in HTTP/1.1" 200 417
[2022-03-26 03:27:07,441] [basehttp.py:161] [basehttp:log_message] [INFO]- "GET /media/web/img/avatar/default.jpg HTTP/1.1" 304 0
[2022-03-26 03:27:09,281] [basehttp.py:161] [basehttp:log_message] [INFO]- "GET /api/class/get_all_types HTTP/1.1" 200 1022
[2022-03-26 03:37:37,972] [basehttp.py:161] [basehttp:log_message] [INFO]- "GET /api/class/get_all_types HTTP/1.1" 200 1022
[2022-03-26 03:39:31,850] [basehttp.py:161] [basehttp:log_message] [INFO]- "GET /api/class/get_all_types HTTP/1.1" 200 1022
[2022-03-26 03:40:06,316] [basehttp.py:161] [basehttp:log_message] [INFO]- "GET /api/class/get_all_types HTTP/1.1" 200 1022
[2022-03-26 03:40:51,745] [basehttp.py:161] [basehttp:log_message] [INFO]- "GET /api/class/get_all_types HTTP/1.1" 200 1022
[2022-03-26 03:42:09,545] [basehttp.py:161] [basehttp:log_message] [INFO]- "GET /api/class/get_all_types HTTP/1.1" 200 1022
[2022-03-26 03:43:09,952] [basehttp.py:161] [basehttp:log_message] [INFO]- "GET /api/class/get_recommend HTTP/1.1" 200 1434
[2022-03-26 03:43:10,256] [basehttp.py:161] [basehttp:log_message] [INFO]- "GET /media/web/img/class/131.jpg HTTP/1.1" 200 57432
[2022-03-26 03:43:10,256] [basehttp.py:161] [basehttp:log_message] [INFO]- "GET /media/web/img/class/1214.jpg HTTP/1.1" 200 63665
[2022-03-26 03:43:13,644] [basehttp.py:161] [basehttp:log_message] [INFO]- "GET /api/class/get_recommend HTTP/1.1" 200 1447
[2022-03-26 03:43:14,028] [basehttp.py:161] [basehttp:log_message] [INFO]- "GET /media/web/img/class/233.jpg HTTP/1.1" 200 41396
[2022-03-26 03:43:14,032] [basehttp.py:161] [basehttp:log_message] [INFO]- "GET /media/web/img/class/1037.jpg HTTP/1.1" 200 209930
[2022-03-26 03:43:14,649] [basehttp.py:161] [basehttp:log_message] [INFO]- "GET /api/users/nick_repeat?nick=pxw%40163.co HTTP/1.1" 200 36
[2022-03-26 03:43:15,114] [basehttp.py:161] [basehttp:log_message] [INFO]- "GET /api/users/nick_repeat?nick=pxw%40163.co HTTP/1.1" 200 36
[2022-03-26 03:43:25,129] [basehttp.py:161] [basehttp:log_message] [INFO]- "POST /api/users/log_in HTTP/1.1" 200 419
[2022-03-26 03:43:27,379] [basehttp.py:161] [basehttp:log_message] [INFO]- "GET /api/class/get_all_types HTTP/1.1" 200 1022
[2022-03-26 03:44:31,766] [basehttp.py:161] [basehttp:log_message] [INFO]- "GET /api/class/get_all_types HTTP/1.1" 200 1022
[2022-03-26 06:35:38,701] [basehttp.py:161] [basehttp:log_message] [INFO]- "GET /api/class/get_all_types HTTP/1.1" 200 1022
[2022-03-26 06:36:49,861] [basehttp.py:161] [basehttp:log_message] [INFO]- "GET /api/class/get_all_types HTTP/1.1" 200 1022
[2022-03-26 06:37:34,836] [basehttp.py:161] [basehttp:log_message] [INFO]- "GET /api/class/get_all_types HTTP/1.1" 200 1022
[2022-03-26 06:37:37,230] [basehttp.py:161] [basehttp:log_message] [INFO]- "GET /api/users/nick_repeat?nick=pxw%40163.co HTTP/1.1" 200 36
[2022-03-26 06:37:37,678] [basehttp.py:161] [basehttp:log_message] [INFO]- "GET /api/users/nick_repeat?nick=pxw%40163.co HTTP/1.1" 200 36
[2022-03-26 06:37:46,206] [basehttp.py:161] [basehttp:log_message] [INFO]- "POST /api/users/log_in HTTP/1.1" 200 419
[2022-03-26 06:39:52,016] [basehttp.py:161] [basehttp:log_message] [INFO]- "GET /api/class/get_all_types HTTP/1.1" 200 1022
[2022-03-26 06:39:56,766] [basehttp.py:161] [basehttp:log_message] [INFO]- "GET /api/class/get_all_types HTTP/1.1" 200 1022
[2022-03-26 06:39:57,826] [basehttp.py:161] [basehttp:log_message] [INFO]- "GET /api/users/nick_repeat?nick=pxw%40163.co HTTP/1.1" 200 36
[2022-03-26 06:39:58,287] [basehttp.py:161] [basehttp:log_message] [INFO]- "GET /api/users/nick_repeat?nick=pxw%40163.co HTTP/1.1" 200 36
[2022-03-26 06:40:06,416] [basehttp.py:161] [basehttp:log_message] [INFO]- "POST /api/users/log_in HTTP/1.1" 200 417
[2022-03-26 06:41:02,081] [basehttp.py:161] [basehttp:log_message] [INFO]- "GET /api/class/get_all_types HTTP/1.1" 200 1022
[2022-03-26 06:41:03,772] [basehttp.py:161] [basehttp:log_message] [INFO]- "GET /api/class/get_all_types HTTP/1.1" 200 1022
[2022-03-26 06:41:04,689] [basehttp.py:161] [basehttp:log_message] [INFO]- "GET /api/users/nick_repeat?nick=pxw%40163.co HTTP/1.1" 200 36
[2022-03-26 06:41:05,160] [basehttp.py:161] [basehttp:log_message] [INFO]- "GET /api/users/nick_repeat?nick=pxw%40163.co HTTP/1.1" 200 36
[2022-03-26 06:41:11,776] [basehttp.py:161] [basehttp:log_message] [INFO]- "POST /api/users/log_in HTTP/1.1" 200 417
[2022-03-26 06:42:14,088] [basehttp.py:161] [basehttp:log_message] [INFO]- "GET /api/class/get_all_types HTTP/1.1" 200 1022
[2022-03-26 06:45:11,143] [basehttp.py:161] [basehttp:log_message] [INFO]- "GET /api/class/get_all_types HTTP/1.1" 200 1022
[2022-03-26 06:45:17,562] [log.py:224] [log:log_response] [WARNING]- Not Found: /api/class/create
[2022-03-26 06:45:17,563] [basehttp.py:161] [basehttp:log_message] [WARNING]- "POST /api/class/create HTTP/1.1" 404 3316
[2022-03-26 06:50:32,447] [basehttp.py:161] [basehttp:log_message] [INFO]- "GET /api/class/get_all_types HTTP/1.1" 200 1022
[2022-03-26 06:50:34,825] [basehttp.py:161] [basehttp:log_message] [INFO]- "GET /api/class/get_recommend HTTP/1.1" 200 1373
[2022-03-26 06:50:34,973] [basehttp.py:161] [basehttp:log_message] [INFO]- "GET /media/web/img/class/876.jpg HTTP/1.1" 200 47473
[2022-03-26 06:50:38,212] [basehttp.py:161] [basehttp:log_message] [INFO]- "GET /api/class/get_single_course/671 HTTP/1.1" 200 298
[2022-03-26 06:50:41,191] [basehttp.py:161] [basehttp:log_message] [INFO]- "GET /api/class/get_recommend HTTP/1.1" 200 1464
[2022-03-26 06:50:41,209] [basehttp.py:161] [basehttp:log_message] [INFO]- "GET /media/web/img/class/925.jpg HTTP/1.1" 304 0
[2022-03-26 06:50:41,210] [basehttp.py:161] [basehttp:log_message] [INFO]- "GET /media/web/img/class/292.jpg HTTP/1.1" 200 40948
[2022-03-26 06:50:41,211] [basehttp.py:161] [basehttp:log_message] [INFO]- "GET /media/web/img/class/817.jpg HTTP/1.1" 200 81846
[2022-03-26 06:50:42,330] [basehttp.py:161] [basehttp:log_message] [INFO]- "GET /api/users/nick_repeat?nick=pxw%40163.co HTTP/1.1" 200 36
[2022-03-26 06:50:42,785] [basehttp.py:161] [basehttp:log_message] [INFO]- "GET /api/users/nick_repeat?nick=pxw%40163.co HTTP/1.1" 200 36
[2022-03-26 06:50:49,859] [basehttp.py:161] [basehttp:log_message] [INFO]- "POST /api/users/log_in HTTP/1.1" 200 70
[2022-03-26 06:50:55,086] [basehttp.py:161] [basehttp:log_message] [INFO]- "POST /api/users/log_in HTTP/1.1" 200 415
[2022-03-26 06:50:56,875] [basehttp.py:161] [basehttp:log_message] [INFO]- "GET /api/class/get_all_types HTTP/1.1" 200 1022
[2022-03-26 06:54:20,705] [basehttp.py:161] [basehttp:log_message] [INFO]- "GET /api/class/get_all_types HTTP/1.1" 200 1022
[2022-03-26 06:55:01,772] [basehttp.py:161] [basehttp:log_message] [INFO]- "GET /api/class/get_all_types HTTP/1.1" 200 1022
[2022-03-26 06:55:45,680] [basehttp.py:161] [basehttp:log_message] [INFO]- "GET /api/class/get_all_types HTTP/1.1" 200 1022
[2022-03-26 06:58:22,710] [basehttp.py:161] [basehttp:log_message] [INFO]- "GET /api/class/get_all_types HTTP/1.1" 200 1022
[2022-03-26 06:58:49,736] [basehttp.py:161] [basehttp:log_message] [INFO]- "GET /api/users/nick_repeat?nick=pxw%40163.co HTTP/1.1" 200 36
[2022-03-26 06:58:50,191] [basehttp.py:161] [basehttp:log_message] [INFO]- "GET /api/users/nick_repeat?nick=pxw%40163.co HTTP/1.1" 200 36
[2022-03-26 06:58:58,115] [basehttp.py:161] [basehttp:log_message] [INFO]- "POST /api/users/log_in HTTP/1.1" 200 417
[2022-03-26 07:01:27,913] [basehttp.py:161] [basehttp:log_message] [INFO]- "GET /api/class/get_all_types HTTP/1.1" 200 1022
[2022-03-26 07:02:47,669] [basehttp.py:161] [basehttp:log_message] [INFO]- "GET /api/class/get_all_types HTTP/1.1" 200 1022
[2022-03-26 10:20:19,843] [autoreload.py:637] [autoreload:run_with_reloader] [INFO]- Watching for file changes with StatReloader
[2022-03-26 10:20:30,578] [basehttp.py:161] [basehttp:log_message] [INFO]- "GET /api/class/get_recommend HTTP/1.1" 200 1379
[2022-03-26 10:20:30,766] [basehttp.py:161] [basehttp:log_message] [INFO]- "GET /media/web/img/class/598.jpg HTTP/1.1" 200 49051
[2022-03-26 10:20:38,579] [basehttp.py:161] [basehttp:log_message] [INFO]- "GET /api/users/nick_repeat?nick=pxw%40163.co HTTP/1.1" 200 36
[2022-03-26 10:20:39,051] [basehttp.py:161] [basehttp:log_message] [INFO]- "GET /api/users/nick_repeat?nick=pxw%40163.co HTTP/1.1" 200 36
[2022-03-26 10:20:41,683] [basehttp.py:161] [basehttp:log_message] [INFO]- "GET /api/users/show_schools HTTP/1.1" 200 918
[2022-03-26 10:21:10,921] [basehttp.py:161] [basehttp:log_message] [INFO]- "GET /api/class/get_all_types HTTP/1.1" 200 1022
[2022-03-26 10:21:10,925] [log.py:224] [log:log_response] [WARNING]- Not Found: /api/class/get_all_recommends/undefined/0/0
[2022-03-26 10:21:10,926] [basehttp.py:161] [basehttp:log_message] [WARNING]- "GET /api/class/get_all_recommends/undefined/0/0 HTTP/1.1" 404 3393
