[2022-04-13 05:50:53,873] [autoreload.py:637] [autoreload:run_with_reloader] [INFO]- Watching for file changes with StatReloader
[2022-04-13 05:51:18,108] [basehttp.py:161] [basehttp:log_message] [INFO]- "GET /media/web/img/class/3.jpg HTTP/1.1" 304 0
[2022-04-13 05:51:18,109] [basehttp.py:161] [basehttp:log_message] [INFO]- "GET /media/web/img/class/2.jpg HTTP/1.1" 304 0
[2022-04-13 05:51:18,109] [basehttp.py:161] [basehttp:log_message] [INFO]- "GET /media/web/img/class/1.jpg HTTP/1.1" 304 0
[2022-04-13 05:51:18,164] [basehttp.py:161] [basehttp:log_message] [INFO]- "GET /api/class/get_recommend HTTP/1.1" 200 1333
[2022-04-13 05:51:18,350] [basehttp.py:161] [basehttp:log_message] [INFO]- "GET /media/web/img/class/default.jpg HTTP/1.1" 304 0
[2022-04-13 05:51:24,335] [basehttp.py:161] [basehttp:log_message] [INFO]- "GET /api/users/nick_repeat?nick=pxw%40163.co HTTP/1.1" 200 36
[2022-04-13 05:51:28,015] [basehttp.py:161] [basehttp:log_message] [INFO]- "POST /api/users/log_in HTTP/1.1" 200 459
[2022-04-13 05:51:28,207] [basehttp.py:161] [basehttp:log_message] [INFO]- "GET /api/class/get_recommend?uid=7 HTTP/1.1" 200 1333
[2022-04-13 05:51:30,149] [basehttp.py:161] [basehttp:log_message] [INFO]- "GET /api/class/get_single_course/1025 HTTP/1.1" 200 260
[2022-04-13 05:51:30,214] [basehttp.py:161] [basehttp:log_message] [INFO]- "GET /api/class/check_enrolled?uid=7&courseid=1025 HTTP/1.1" 200 37
[2022-04-13 05:51:30,214] [basehttp.py:161] [basehttp:log_message] [INFO]- "GET /api/class/show_comments?courseid=1025 HTTP/1.1" 200 16
[2022-04-13 05:51:30,235] [basehttp.py:161] [basehttp:log_message] [INFO]- "GET /api/class/get_relative_courses?cid=1025 HTTP/1.1" 200 1113
[2022-04-13 05:56:35,985] [basehttp.py:161] [basehttp:log_message] [INFO]- "GET /api/class/get_recommend HTTP/1.1" 200 1333
[2022-04-13 05:56:38,908] [basehttp.py:161] [basehttp:log_message] [INFO]- "GET /api/class/get_single_course/1025 HTTP/1.1" 200 260
[2022-04-13 05:56:38,930] [basehttp.py:161] [basehttp:log_message] [INFO]- "GET /api/class/show_comments?courseid=1025 HTTP/1.1" 200 16
[2022-04-13 05:56:38,949] [basehttp.py:161] [basehttp:log_message] [INFO]- "GET /api/class/get_relative_courses?cid=1025 HTTP/1.1" 200 1113
[2022-04-13 05:56:46,706] [basehttp.py:161] [basehttp:log_message] [INFO]- "GET /api/users/nick_repeat?nick=pxw%40163.co HTTP/1.1" 200 36
[2022-04-13 05:56:48,401] [basehttp.py:161] [basehttp:log_message] [INFO]- "POST /api/users/log_in HTTP/1.1" 200 459
[2022-04-13 05:56:48,443] [basehttp.py:161] [basehttp:log_message] [INFO]- "GET /api/class/get_single_course/1025 HTTP/1.1" 200 260
[2022-04-13 05:56:48,461] [basehttp.py:161] [basehttp:log_message] [INFO]- "GET /api/class/show_comments?courseid=1025 HTTP/1.1" 200 16
[2022-04-13 05:56:48,464] [basehttp.py:161] [basehttp:log_message] [INFO]- "GET /api/class/check_enrolled?uid=7&courseid=1025 HTTP/1.1" 200 37
[2022-04-13 05:56:48,485] [basehttp.py:161] [basehttp:log_message] [INFO]- "GET /api/class/get_relative_courses?cid=1025 HTTP/1.1" 200 1113
[2022-04-13 05:57:16,469] [basehttp.py:161] [basehttp:log_message] [INFO]- "GET /api/class/get_single_course/1025 HTTP/1.1" 200 260
[2022-04-13 05:57:16,488] [basehttp.py:161] [basehttp:log_message] [INFO]- "GET /api/class/check_enrolled?uid=7&courseid=1025 HTTP/1.1" 200 37
[2022-04-13 05:57:16,491] [basehttp.py:161] [basehttp:log_message] [INFO]- "GET /api/class/show_comments?courseid=1025 HTTP/1.1" 200 16
[2022-04-13 05:57:16,509] [basehttp.py:161] [basehttp:log_message] [INFO]- "GET /api/class/get_relative_courses?cid=1025 HTTP/1.1" 200 1113
[2022-04-13 06:17:31,411] [basehttp.py:161] [basehttp:log_message] [INFO]- "GET /api/class/get_recommend HTTP/1.1" 200 1333
[2022-04-13 06:17:33,846] [basehttp.py:161] [basehttp:log_message] [INFO]- "GET /api/class/get_single_course/1025 HTTP/1.1" 200 260
[2022-04-13 06:17:33,864] [basehttp.py:161] [basehttp:log_message] [INFO]- "GET /api/class/show_comments?courseid=1025 HTTP/1.1" 200 16
[2022-04-13 06:17:33,883] [basehttp.py:161] [basehttp:log_message] [INFO]- "GET /api/class/get_relative_courses?cid=1025 HTTP/1.1" 200 1113
[2022-04-13 06:18:33,118] [basehttp.py:161] [basehttp:log_message] [INFO]- "GET /api/class/get_recommend HTTP/1.1" 200 1333
[2022-04-13 06:18:35,725] [basehttp.py:161] [basehttp:log_message] [INFO]- "GET /api/users/nick_repeat?nick=pxw%40163.co HTTP/1.1" 200 36
[2022-04-13 06:18:37,339] [basehttp.py:161] [basehttp:log_message] [INFO]- "POST /api/users/log_in HTTP/1.1" 200 459
[2022-04-13 06:18:37,529] [basehttp.py:161] [basehttp:log_message] [INFO]- "GET /api/class/get_recommend?uid=7 HTTP/1.1" 200 1333
[2022-04-13 06:18:46,057] [basehttp.py:161] [basehttp:log_message] [INFO]- "GET /api/class/get_single_course/0 HTTP/1.1" 200 278
[2022-04-13 06:18:46,076] [basehttp.py:161] [basehttp:log_message] [INFO]- "GET /api/class/show_comments?courseid=0 HTTP/1.1" 200 16
[2022-04-13 06:18:46,094] [basehttp.py:161] [basehttp:log_message] [INFO]- "GET /api/class/check_enrolled?uid=7&courseid=0 HTTP/1.1" 200 37
[2022-04-13 06:18:46,243] [basehttp.py:161] [basehttp:log_message] [INFO]- "GET /api/class/get_relative_courses?cid=0 HTTP/1.1" 200 1076
[2022-04-13 06:18:46,256] [basehttp.py:161] [basehttp:log_message] [INFO]- "GET /media/web/img/class/367.jpg HTTP/1.1" 200 20337
[2022-04-13 06:18:46,256] [basehttp.py:161] [basehttp:log_message] [INFO]- "GET /media/web/img/class/571.jpg HTTP/1.1" 200 34532
[2022-04-13 06:19:01,836] [basehttp.py:161] [basehttp:log_message] [INFO]- "GET /api/class/get_recommend?uid=7 HTTP/1.1" 200 1333
[2022-04-13 06:19:43,698] [basehttp.py:161] [basehttp:log_message] [INFO]- "GET /api/class/get_single_course/1005 HTTP/1.1" 200 291
[2022-04-13 06:19:43,730] [basehttp.py:161] [basehttp:log_message] [INFO]- "GET /api/class/show_comments?courseid=1005 HTTP/1.1" 200 16
[2022-04-13 06:19:43,731] [basehttp.py:161] [basehttp:log_message] [INFO]- "GET /api/class/check_enrolled?uid=7&courseid=1005 HTTP/1.1" 200 37
[2022-04-13 06:19:43,750] [basehttp.py:161] [basehttp:log_message] [INFO]- "GET /api/class/get_relative_courses?cid=1005 HTTP/1.1" 200 1082
[2022-04-13 06:19:47,923] [basehttp.py:161] [basehttp:log_message] [INFO]- "GET /api/class/get_recommend?uid=7 HTTP/1.1" 200 1333
[2022-04-13 06:20:24,916] [basehttp.py:161] [basehttp:log_message] [INFO]- "GET /api/class/get_recommend?uid=7 HTTP/1.1" 200 1333
[2022-04-13 06:20:50,352] [basehttp.py:161] [basehttp:log_message] [INFO]- "GET /api/class/get_user_register_course?uid=7&start=0 HTTP/1.1" 200 1653
[2022-04-13 06:20:50,371] [basehttp.py:161] [basehttp:log_message] [INFO]- "GET /media/web/img/class/952.jpg HTTP/1.1" 304 0
[2022-04-13 06:21:08,275] [basehttp.py:161] [basehttp:log_message] [INFO]- "GET /api/class/get_single_course/14 HTTP/1.1" 200 283
[2022-04-13 06:21:08,296] [basehttp.py:161] [basehttp:log_message] [INFO]- "GET /api/class/show_comments?courseid=14 HTTP/1.1" 200 16
[2022-04-13 06:21:08,322] [basehttp.py:161] [basehttp:log_message] [INFO]- "GET /api/class/check_enrolled?uid=7&courseid=14 HTTP/1.1" 200 36
[2022-04-13 06:21:08,544] [basehttp.py:161] [basehttp:log_message] [INFO]- "GET /api/class/get_relative_courses?cid=14 HTTP/1.1" 200 1094
[2022-04-13 06:21:08,559] [basehttp.py:161] [basehttp:log_message] [INFO]- "GET /media/web/img/class/30.jpg HTTP/1.1" 200 95582
[2022-04-13 06:21:08,560] [basehttp.py:161] [basehttp:log_message] [INFO]- "GET /media/web/img/class/17.jpg HTTP/1.1" 200 36512
[2022-04-13 06:21:08,560] [basehttp.py:161] [basehttp:log_message] [INFO]- "GET /media/web/img/class/137.jpg HTTP/1.1" 200 128385
[2022-04-13 06:21:08,560] [basehttp.py:161] [basehttp:log_message] [INFO]- "GET /media/web/img/class/10.jpg HTTP/1.1" 200 101644
