[2022-03-03 03:15:45,140] [autoreload.py:637] [autoreload:run_with_reloader] [INFO]- Watching for file changes with StatReloader
[2022-03-03 03:15:48,792] [basehttp.py:161] [basehttp:log_message] [INFO]- "GET /api/users/nick_repeat?nick=pxw%40163.co HTTP/1.1" 200 36
[2022-03-03 03:15:49,221] [basehttp.py:161] [basehttp:log_message] [INFO]- "GET /api/users/nick_repeat?nick=pxw%40163.co HTTP/1.1" 200 36
[2022-03-03 03:15:50,757] [basehttp.py:161] [basehttp:log_message] [INFO]- "POST /api/users/log_in HTTP/1.1" 200 303
[2022-03-03 03:16:25,264] [basehttp.py:161] [basehttp:log_message] [INFO]- "GET /api/users/show_schools HTTP/1.1" 200 918
[2022-03-03 03:16:26,808] [basehttp.py:161] [basehttp:log_message] [INFO]- "GET /api/users/nick_repeat?nick=pxw%40163.co HTTP/1.1" 200 36
[2022-03-03 03:16:27,283] [basehttp.py:161] [basehttp:log_message] [INFO]- "GET /api/users/nick_repeat?nick=pxw%40163.co HTTP/1.1" 200 36
[2022-03-03 03:16:27,387] [basehttp.py:161] [basehttp:log_message] [INFO]- "POST /api/users/log_in HTTP/1.1" 200 303
[2022-03-03 03:17:41,741] [basehttp.py:161] [basehttp:log_message] [INFO]- "GET /api/users/show_schools HTTP/1.1" 200 918
[2022-03-03 03:17:43,566] [basehttp.py:161] [basehttp:log_message] [INFO]- "GET /api/users/nick_repeat?nick=pxw%40163.co HTTP/1.1" 200 36
[2022-03-03 03:17:44,045] [basehttp.py:161] [basehttp:log_message] [INFO]- "GET /api/users/nick_repeat?nick=pxw%40163.co HTTP/1.1" 200 36
[2022-03-03 03:17:44,345] [basehttp.py:161] [basehttp:log_message] [INFO]- "POST /api/users/log_in HTTP/1.1" 200 303
[2022-03-03 03:22:39,328] [basehttp.py:161] [basehttp:log_message] [INFO]- "GET /api/users/show_schools HTTP/1.1" 200 918
[2022-03-03 03:22:57,502] [basehttp.py:161] [basehttp:log_message] [INFO]- "GET /api/users/show_schools HTTP/1.1" 200 918
[2022-03-03 03:23:27,759] [basehttp.py:161] [basehttp:log_message] [INFO]- "GET /api/users/nick_repeat?nick=pxw%40163.co HTTP/1.1" 200 36
[2022-03-03 03:23:28,191] [basehttp.py:161] [basehttp:log_message] [INFO]- "GET /api/users/nick_repeat?nick=pxw%40163.co HTTP/1.1" 200 36
[2022-03-03 03:23:28,602] [basehttp.py:161] [basehttp:log_message] [INFO]- "POST /api/users/log_in HTTP/1.1" 200 302
[2022-03-03 05:18:47,753] [basehttp.py:161] [basehttp:log_message] [INFO]- "GET /api/users/show_schools HTTP/1.1" 200 918
[2022-03-03 05:18:47,767] [basehttp.py:161] [basehttp:log_message] [INFO]- "GET /api/users/show_schools HTTP/1.1" 200 918
[2022-03-03 06:20:50,969] [basehttp.py:161] [basehttp:log_message] [INFO]- "GET /api/users/show_schools HTTP/1.1" 200 918
[2022-03-03 06:20:52,629] [basehttp.py:161] [basehttp:log_message] [INFO]- "GET /api/users/nick_repeat?nick=pxw%40163.co HTTP/1.1" 200 36
[2022-03-03 06:20:53,084] [basehttp.py:161] [basehttp:log_message] [INFO]- "GET /api/users/nick_repeat?nick=pxw%40163.co HTTP/1.1" 200 36
[2022-03-03 06:20:53,524] [basehttp.py:161] [basehttp:log_message] [INFO]- "POST /api/users/log_in HTTP/1.1" 200 303
[2022-03-03 06:27:07,655] [basehttp.py:161] [basehttp:log_message] [INFO]- "GET /api/users/show_schools HTTP/1.1" 200 918
[2022-03-03 06:37:37,366] [basehttp.py:161] [basehttp:log_message] [INFO]- "GET /api/users/show_schools HTTP/1.1" 200 918
[2022-03-03 06:37:39,043] [basehttp.py:161] [basehttp:log_message] [INFO]- "GET /api/users/nick_repeat?nick=pxw%40163.co HTTP/1.1" 200 36
[2022-03-03 06:37:39,505] [basehttp.py:161] [basehttp:log_message] [INFO]- "GET /api/users/nick_repeat?nick=pxw%40163.co HTTP/1.1" 200 36
[2022-03-03 06:37:39,596] [basehttp.py:161] [basehttp:log_message] [INFO]- "POST /api/users/log_in HTTP/1.1" 200 305
[2022-03-03 07:16:14,936] [basehttp.py:161] [basehttp:log_message] [INFO]- "GET /api/users/show_schools HTTP/1.1" 200 918
[2022-03-03 07:16:16,121] [basehttp.py:161] [basehttp:log_message] [INFO]- "GET /api/users/nick_repeat?nick=pxw%40163.co HTTP/1.1" 200 36
[2022-03-03 07:16:16,570] [basehttp.py:161] [basehttp:log_message] [INFO]- "POST /api/users/log_in HTTP/1.1" 200 305
[2022-03-03 07:16:16,606] [basehttp.py:161] [basehttp:log_message] [INFO]- "GET /api/users/nick_repeat?nick=pxw%40163.co HTTP/1.1" 200 36
[2022-03-03 07:19:43,786] [basehttp.py:161] [basehttp:log_message] [INFO]- "GET /api/users/show_schools HTTP/1.1" 200 918
[2022-03-03 07:19:44,878] [basehttp.py:161] [basehttp:log_message] [INFO]- "GET /api/users/nick_repeat?nick=pxw%40163.co HTTP/1.1" 200 36
[2022-03-03 07:19:45,347] [basehttp.py:161] [basehttp:log_message] [INFO]- "GET /api/users/nick_repeat?nick=pxw%40163.co HTTP/1.1" 200 36
[2022-03-03 07:19:45,552] [basehttp.py:161] [basehttp:log_message] [INFO]- "POST /api/users/log_in HTTP/1.1" 200 303
[2022-03-03 07:21:47,759] [basehttp.py:161] [basehttp:log_message] [INFO]- "GET /api/users/show_schools HTTP/1.1" 200 918
[2022-03-03 07:21:49,693] [basehttp.py:161] [basehttp:log_message] [INFO]- "GET /api/users/nick_repeat?nick=pxw%40163.co HTTP/1.1" 200 36
[2022-03-03 07:21:50,168] [basehttp.py:161] [basehttp:log_message] [INFO]- "GET /api/users/nick_repeat?nick=pxw%40163.co HTTP/1.1" 200 36
[2022-03-03 07:21:50,284] [basehttp.py:161] [basehttp:log_message] [INFO]- "POST /api/users/log_in HTTP/1.1" 200 303
[2022-03-03 07:24:25,433] [basehttp.py:161] [basehttp:log_message] [INFO]- "GET /api/users/show_schools HTTP/1.1" 200 918
[2022-03-03 07:24:28,173] [basehttp.py:161] [basehttp:log_message] [INFO]- "GET /api/users/show_schools HTTP/1.1" 200 918
[2022-03-03 07:24:30,072] [basehttp.py:161] [basehttp:log_message] [INFO]- "GET /api/users/nick_repeat?nick=pxw%40163.co HTTP/1.1" 200 36
[2022-03-03 07:24:30,548] [basehttp.py:161] [basehttp:log_message] [INFO]- "GET /api/users/nick_repeat?nick=pxw%40163.co HTTP/1.1" 200 36
[2022-03-03 07:24:30,809] [basehttp.py:161] [basehttp:log_message] [INFO]- "POST /api/users/log_in HTTP/1.1" 200 305
[2022-03-03 07:25:10,561] [basehttp.py:161] [basehttp:log_message] [INFO]- "GET /api/users/show_schools HTTP/1.1" 200 918
[2022-03-03 07:25:12,570] [basehttp.py:161] [basehttp:log_message] [INFO]- "GET /api/users/nick_repeat?nick=pxw%40163.co HTTP/1.1" 200 36
[2022-03-03 07:25:13,045] [basehttp.py:161] [basehttp:log_message] [INFO]- "GET /api/users/nick_repeat?nick=pxw%40163.co HTTP/1.1" 200 36
[2022-03-03 07:25:13,098] [basehttp.py:161] [basehttp:log_message] [INFO]- "POST /api/users/log_in HTTP/1.1" 200 305
[2022-03-03 07:27:08,454] [basehttp.py:161] [basehttp:log_message] [INFO]- "GET /api/users/show_schools HTTP/1.1" 200 918
[2022-03-03 07:27:10,236] [basehttp.py:161] [basehttp:log_message] [INFO]- "GET /api/users/nick_repeat?nick=pxw%40163.co HTTP/1.1" 200 36
[2022-03-03 07:27:10,674] [basehttp.py:161] [basehttp:log_message] [INFO]- "POST /api/users/log_in HTTP/1.1" 200 303
[2022-03-03 07:27:10,714] [basehttp.py:161] [basehttp:log_message] [INFO]- "GET /api/users/nick_repeat?nick=pxw%40163.co HTTP/1.1" 200 36
[2022-03-03 07:29:06,410] [basehttp.py:161] [basehttp:log_message] [INFO]- "GET /api/users/show_schools HTTP/1.1" 200 918
[2022-03-03 07:29:09,444] [basehttp.py:161] [basehttp:log_message] [INFO]- "GET /api/users/nick_repeat?nick=pxw%40163.co HTTP/1.1" 200 36
[2022-03-03 07:29:09,915] [basehttp.py:161] [basehttp:log_message] [INFO]- "GET /api/users/nick_repeat?nick=pxw%40163.co HTTP/1.1" 200 36
[2022-03-03 07:29:10,454] [basehttp.py:161] [basehttp:log_message] [INFO]- "POST /api/users/log_in HTTP/1.1" 200 303
[2022-03-03 07:38:34,674] [basehttp.py:161] [basehttp:log_message] [INFO]- "GET /api/users/show_schools HTTP/1.1" 200 918
[2022-03-03 07:38:48,107] [basehttp.py:161] [basehttp:log_message] [INFO]- "GET /api/users/nick_repeat?nick=pxw%40163.co HTTP/1.1" 200 36
[2022-03-03 07:38:48,572] [basehttp.py:161] [basehttp:log_message] [INFO]- "GET /api/users/nick_repeat?nick=pxw%40163.co HTTP/1.1" 200 36
[2022-03-03 07:38:48,787] [basehttp.py:161] [basehttp:log_message] [INFO]- "POST /api/users/log_in HTTP/1.1" 200 305
[2022-03-03 07:40:11,885] [basehttp.py:161] [basehttp:log_message] [INFO]- "GET /api/users/show_schools HTTP/1.1" 200 918
[2022-03-03 07:40:13,066] [basehttp.py:161] [basehttp:log_message] [INFO]- "GET /api/users/nick_repeat?nick=pxw%40163.co HTTP/1.1" 200 36
[2022-03-03 07:40:13,547] [basehttp.py:161] [basehttp:log_message] [INFO]- "GET /api/users/nick_repeat?nick=pxw%40163.co HTTP/1.1" 200 36
[2022-03-03 07:40:13,551] [basehttp.py:161] [basehttp:log_message] [INFO]- "POST /api/users/log_in HTTP/1.1" 200 303
[2022-03-03 07:48:29,526] [basehttp.py:161] [basehttp:log_message] [INFO]- "GET /api/users/show_schools HTTP/1.1" 200 918
[2022-03-03 07:48:30,940] [basehttp.py:161] [basehttp:log_message] [INFO]- "GET /api/users/nick_repeat?nick=pxw%40163.co HTTP/1.1" 200 36
[2022-03-03 07:48:31,413] [basehttp.py:161] [basehttp:log_message] [INFO]- "GET /api/users/nick_repeat?nick=pxw%40163.co HTTP/1.1" 200 36
[2022-03-03 07:48:31,441] [basehttp.py:161] [basehttp:log_message] [INFO]- "POST /api/users/log_in HTTP/1.1" 200 303
[2022-03-03 08:05:01,825] [basehttp.py:161] [basehttp:log_message] [INFO]- "GET /api/users/show_schools HTTP/1.1" 200 918
[2022-03-03 08:05:03,462] [basehttp.py:161] [basehttp:log_message] [INFO]- "GET /api/users/nick_repeat?nick=pxw%40163.co HTTP/1.1" 200 36
[2022-03-03 08:05:03,929] [basehttp.py:161] [basehttp:log_message] [INFO]- "GET /api/users/nick_repeat?nick=pxw%40163.co HTTP/1.1" 200 36
[2022-03-03 08:05:04,275] [basehttp.py:161] [basehttp:log_message] [INFO]- "POST /api/users/log_in HTTP/1.1" 200 303
[2022-03-03 08:08:08,271] [basehttp.py:161] [basehttp:log_message] [INFO]- "GET /api/users/show_schools HTTP/1.1" 200 918
[2022-03-03 08:08:09,763] [basehttp.py:161] [basehttp:log_message] [INFO]- "GET /api/users/nick_repeat?nick=pxw%40163.co HTTP/1.1" 200 36
[2022-03-03 08:08:10,236] [basehttp.py:161] [basehttp:log_message] [INFO]- "GET /api/users/nick_repeat?nick=pxw%40163.co HTTP/1.1" 200 36
[2022-03-03 08:08:10,353] [basehttp.py:161] [basehttp:log_message] [INFO]- "POST /api/users/log_in HTTP/1.1" 200 303
[2022-03-03 08:15:05,228] [basehttp.py:161] [basehttp:log_message] [INFO]- "GET /api/users/show_schools HTTP/1.1" 200 918
[2022-03-03 08:15:30,914] [basehttp.py:161] [basehttp:log_message] [INFO]- "GET /api/users/show_schools HTTP/1.1" 200 918
[2022-03-03 08:15:37,373] [basehttp.py:161] [basehttp:log_message] [INFO]- "GET /api/users/show_schools HTTP/1.1" 200 918
[2022-03-03 08:15:38,874] [basehttp.py:161] [basehttp:log_message] [INFO]- "GET /api/users/nick_repeat?nick=pxw%40163.co HTTP/1.1" 200 36
[2022-03-03 08:15:39,327] [basehttp.py:161] [basehttp:log_message] [INFO]- "POST /api/users/log_in HTTP/1.1" 200 303
[2022-03-03 08:15:39,364] [basehttp.py:161] [basehttp:log_message] [INFO]- "GET /api/users/nick_repeat?nick=pxw%40163.co HTTP/1.1" 200 36
[2022-03-03 08:25:03,982] [basehttp.py:161] [basehttp:log_message] [INFO]- "GET /api/users/show_schools HTTP/1.1" 200 918
[2022-03-03 08:25:07,568] [basehttp.py:161] [basehttp:log_message] [INFO]- "GET /api/users/nick_repeat?nick=pxw%40163.co HTTP/1.1" 200 36
[2022-03-03 08:25:07,948] [basehttp.py:161] [basehttp:log_message] [INFO]- "POST /api/users/log_in HTTP/1.1" 200 303
[2022-03-03 08:25:08,019] [basehttp.py:161] [basehttp:log_message] [INFO]- "GET /api/users/nick_repeat?nick=pxw%40163.co HTTP/1.1" 200 36
[2022-03-03 08:25:57,009] [basehttp.py:161] [basehttp:log_message] [INFO]- "GET /api/users/show_schools HTTP/1.1" 200 918
[2022-03-03 08:25:58,709] [basehttp.py:161] [basehttp:log_message] [INFO]- "GET /api/users/nick_repeat?nick=pxw%40163.co HTTP/1.1" 200 36
[2022-03-03 08:25:59,113] [basehttp.py:161] [basehttp:log_message] [INFO]- "POST /api/users/log_in HTTP/1.1" 200 303
[2022-03-03 08:25:59,178] [basehttp.py:161] [basehttp:log_message] [INFO]- "GET /api/users/nick_repeat?nick=pxw%40163.co HTTP/1.1" 200 36
[2022-03-03 08:36:02,598] [basehttp.py:161] [basehttp:log_message] [INFO]- "GET /api/users/show_schools HTTP/1.1" 200 918
[2022-03-03 08:36:04,415] [basehttp.py:161] [basehttp:log_message] [INFO]- "GET /api/users/nick_repeat?nick=pxw%40163.co HTTP/1.1" 200 36
[2022-03-03 08:36:04,889] [basehttp.py:161] [basehttp:log_message] [INFO]- "POST /api/users/log_in HTTP/1.1" 200 305
[2022-03-03 08:36:04,893] [basehttp.py:161] [basehttp:log_message] [INFO]- "GET /api/users/nick_repeat?nick=pxw%40163.co HTTP/1.1" 200 36
[2022-03-03 08:40:02,426] [basehttp.py:161] [basehttp:log_message] [INFO]- "GET /api/users/show_schools HTTP/1.1" 200 918
[2022-03-03 08:40:03,948] [basehttp.py:161] [basehttp:log_message] [INFO]- "GET /api/users/nick_repeat?nick=pxw%40163.co HTTP/1.1" 200 36
[2022-03-03 08:40:04,411] [basehttp.py:161] [basehttp:log_message] [INFO]- "GET /api/users/nick_repeat?nick=pxw%40163.co HTTP/1.1" 200 36
[2022-03-03 08:40:04,481] [basehttp.py:161] [basehttp:log_message] [INFO]- "POST /api/users/log_in HTTP/1.1" 200 303
[2022-03-03 08:40:58,695] [basehttp.py:161] [basehttp:log_message] [INFO]- "GET /api/users/show_schools HTTP/1.1" 200 918
[2022-03-03 08:41:00,017] [basehttp.py:161] [basehttp:log_message] [INFO]- "GET /api/users/nick_repeat?nick=pxw%40163.co HTTP/1.1" 200 36
[2022-03-03 08:41:00,485] [basehttp.py:161] [basehttp:log_message] [INFO]- "GET /api/users/nick_repeat?nick=pxw%40163.co HTTP/1.1" 200 36
[2022-03-03 08:41:00,604] [basehttp.py:161] [basehttp:log_message] [INFO]- "POST /api/users/log_in HTTP/1.1" 200 305
[2022-03-03 08:41:32,611] [basehttp.py:161] [basehttp:log_message] [INFO]- "GET /api/users/show_schools HTTP/1.1" 200 918
[2022-03-03 08:41:34,911] [basehttp.py:161] [basehttp:log_message] [INFO]- "GET /api/users/nick_repeat?nick=pxw%40163.co HTTP/1.1" 200 36
[2022-03-03 08:41:35,387] [basehttp.py:161] [basehttp:log_message] [INFO]- "GET /api/users/nick_repeat?nick=pxw%40163.co HTTP/1.1" 200 36
[2022-03-03 08:41:35,507] [basehttp.py:161] [basehttp:log_message] [INFO]- "POST /api/users/log_in HTTP/1.1" 200 305
[2022-03-03 08:42:15,350] [basehttp.py:161] [basehttp:log_message] [INFO]- "GET /api/users/show_schools HTTP/1.1" 200 918
[2022-03-03 08:42:16,906] [basehttp.py:161] [basehttp:log_message] [INFO]- "GET /api/users/nick_repeat?nick=pxw%40163.co HTTP/1.1" 200 36
[2022-03-03 08:42:17,381] [basehttp.py:161] [basehttp:log_message] [INFO]- "GET /api/users/nick_repeat?nick=pxw%40163.co HTTP/1.1" 200 36
[2022-03-03 08:42:17,560] [basehttp.py:161] [basehttp:log_message] [INFO]- "POST /api/users/log_in HTTP/1.1" 200 303
[2022-03-03 10:54:57,347] [autoreload.py:637] [autoreload:run_with_reloader] [INFO]- Watching for file changes with StatReloader
[2022-03-03 10:54:59,877] [middlewares.py:43] [middlewares:process_exception] [ERROR]- {'code': 500, 'errmsg': '服务器异常', 'data': {}}
Traceback (most recent call last):
  File "/Users/linshengfeng/miniforge3/envs/py1.8/lib/python3.8/site-packages/django/core/handlers/base.py", line 181, in _get_response
    response = wrapped_callback(request, *callback_args, **callback_kwargs)
  File "/Users/linshengfeng/miniforge3/envs/py1.8/lib/python3.8/site-packages/django/views/decorators/csrf.py", line 54, in wrapped_view
    return view_func(*args, **kwargs)
  File "/Users/linshengfeng/miniforge3/envs/py1.8/lib/python3.8/site-packages/django/views/decorators/http.py", line 40, in inner
    return func(request, *args, **kwargs)
  File "/Users/linshengfeng/学习/大四上/毕业设计/mooc_recommender_system/mooc_back_end/web/users/views.py", line 132, in log_in
    response['cur_user'] = json.dumps(cur_usr)
  File "/Users/linshengfeng/miniforge3/envs/py1.8/lib/python3.8/json/__init__.py", line 231, in dumps
    return _default_encoder.encode(obj)
  File "/Users/linshengfeng/miniforge3/envs/py1.8/lib/python3.8/json/encoder.py", line 199, in encode
    chunks = self.iterencode(o, _one_shot=True)
  File "/Users/linshengfeng/miniforge3/envs/py1.8/lib/python3.8/json/encoder.py", line 257, in iterencode
    return _iterencode(o, 0)
  File "/Users/linshengfeng/miniforge3/envs/py1.8/lib/python3.8/json/encoder.py", line 179, in default
    raise TypeError(f'Object of type {o.__class__.__name__} '
TypeError: Object of type User is not JSON serializable
[2022-03-03 10:54:59,881] [log.py:224] [log:log_response] [ERROR]- Internal Server Error: /api/users/log_in
[2022-03-03 10:54:59,882] [basehttp.py:161] [basehttp:log_message] [ERROR]- "POST /api/users/log_in HTTP/1.1" 500 15
[2022-03-03 10:59:36,951] [autoreload.py:637] [autoreload:run_with_reloader] [INFO]- Watching for file changes with StatReloader
[2022-03-03 10:59:41,062] [basehttp.py:161] [basehttp:log_message] [INFO]- "POST /api/users/log_in HTTP/1.1" 200 388
[2022-03-03 12:13:01,762] [basehttp.py:161] [basehttp:log_message] [INFO]- "GET /api/users/show_schools HTTP/1.1" 200 918
[2022-03-03 12:13:03,136] [basehttp.py:161] [basehttp:log_message] [INFO]- "GET /api/users/nick_repeat?nick=pxw%40163.co HTTP/1.1" 200 36
[2022-03-03 12:13:03,591] [basehttp.py:161] [basehttp:log_message] [INFO]- "GET /api/users/nick_repeat?nick=pxw%40163.co HTTP/1.1" 200 36
[2022-03-03 12:13:03,914] [basehttp.py:161] [basehttp:log_message] [INFO]- "POST /api/users/log_in HTTP/1.1" 200 390
[2022-03-03 12:13:32,762] [basehttp.py:161] [basehttp:log_message] [INFO]- "GET /api/users/show_schools HTTP/1.1" 200 918
[2022-03-03 12:13:33,982] [basehttp.py:161] [basehttp:log_message] [INFO]- "GET /api/users/nick_repeat?nick=pxw%40163.co HTTP/1.1" 200 36
[2022-03-03 12:13:34,445] [basehttp.py:161] [basehttp:log_message] [INFO]- "GET /api/users/nick_repeat?nick=pxw%40163.co HTTP/1.1" 200 36
[2022-03-03 12:13:35,362] [basehttp.py:161] [basehttp:log_message] [INFO]- "POST /api/users/log_in HTTP/1.1" 200 390
[2022-03-03 12:14:39,477] [basehttp.py:161] [basehttp:log_message] [INFO]- "GET /api/users/show_schools HTTP/1.1" 200 918
[2022-03-03 12:14:40,831] [basehttp.py:161] [basehttp:log_message] [INFO]- "GET /api/users/nick_repeat?nick=pxw%40163.co HTTP/1.1" 200 36
[2022-03-03 12:14:41,291] [basehttp.py:161] [basehttp:log_message] [INFO]- "GET /api/users/nick_repeat?nick=pxw%40163.co HTTP/1.1" 200 36
[2022-03-03 12:14:42,513] [basehttp.py:161] [basehttp:log_message] [INFO]- "POST /api/users/log_in HTTP/1.1" 200 390
[2022-03-03 12:15:08,166] [basehttp.py:161] [basehttp:log_message] [INFO]- "GET /api/users/show_schools HTTP/1.1" 200 918
[2022-03-03 12:15:10,849] [basehttp.py:161] [basehttp:log_message] [INFO]- "GET /api/users/nick_repeat?nick=pxw%40163.co HTTP/1.1" 200 36
[2022-03-03 12:15:11,314] [basehttp.py:161] [basehttp:log_message] [INFO]- "GET /api/users/nick_repeat?nick=pxw%40163.co HTTP/1.1" 200 36
[2022-03-03 12:15:12,196] [basehttp.py:161] [basehttp:log_message] [INFO]- "POST /api/users/log_in HTTP/1.1" 200 390
[2022-03-03 12:15:21,333] [basehttp.py:161] [basehttp:log_message] [INFO]- "GET /api/users/show_schools HTTP/1.1" 200 918
[2022-03-03 12:15:22,128] [basehttp.py:161] [basehttp:log_message] [INFO]- "GET /api/users/show_schools HTTP/1.1" 200 918
[2022-03-03 12:15:27,495] [basehttp.py:161] [basehttp:log_message] [INFO]- "GET /api/users/nick_repeat?nick=pxw%40163.co HTTP/1.1" 200 36
[2022-03-03 12:15:27,959] [basehttp.py:161] [basehttp:log_message] [INFO]- "GET /api/users/nick_repeat?nick=pxw%40163.co HTTP/1.1" 200 36
[2022-03-03 12:15:28,958] [basehttp.py:161] [basehttp:log_message] [INFO]- "POST /api/users/log_in HTTP/1.1" 200 390
[2022-03-03 12:15:40,595] [basehttp.py:161] [basehttp:log_message] [INFO]- "GET /api/users/show_schools HTTP/1.1" 200 918
[2022-03-03 12:16:18,315] [autoreload.py:251] [autoreload:trigger_reload] [INFO]- /Users/linshengfeng/学习/大四上/毕业设计/mooc_recommender_system/mooc_back_end/web/models.py changed, reloading.
[2022-03-03 12:16:18,809] [autoreload.py:637] [autoreload:run_with_reloader] [INFO]- Watching for file changes with StatReloader
[2022-03-03 12:22:03,764] [basehttp.py:161] [basehttp:log_message] [INFO]- "GET /api/users/show_schools HTTP/1.1" 200 918
[2022-03-03 12:22:04,936] [basehttp.py:161] [basehttp:log_message] [INFO]- "GET /api/users/nick_repeat?nick=pxw%40163.co HTTP/1.1" 200 36
[2022-03-03 12:22:05,397] [basehttp.py:161] [basehttp:log_message] [INFO]- "GET /api/users/nick_repeat?nick=pxw%40163.co HTTP/1.1" 200 36
[2022-03-03 12:22:06,436] [basehttp.py:161] [basehttp:log_message] [INFO]- "POST /api/users/log_in HTTP/1.1" 200 389
[2022-03-03 12:22:42,694] [basehttp.py:161] [basehttp:log_message] [INFO]- "GET /api/users/show_schools HTTP/1.1" 200 918
[2022-03-03 12:22:43,076] [basehttp.py:161] [basehttp:log_message] [INFO]- "GET /api/users/nick_repeat?nick=pxw%40163.co HTTP/1.1" 200 36
[2022-03-03 12:22:43,088] [basehttp.py:161] [basehttp:log_message] [INFO]- "GET /api/users/show_schools HTTP/1.1" 200 918
[2022-03-03 12:22:43,419] [basehttp.py:161] [basehttp:log_message] [INFO]- "GET /api/users/nick_repeat?nick=pxw%40163.co HTTP/1.1" 200 36
[2022-03-03 12:22:43,899] [basehttp.py:161] [basehttp:log_message] [INFO]- "GET /api/users/nick_repeat?nick=pxw%40163.co HTTP/1.1" 200 36
[2022-03-03 12:22:44,597] [basehttp.py:161] [basehttp:log_message] [INFO]- "POST /api/users/log_in HTTP/1.1" 200 390
[2022-03-03 12:26:55,061] [autoreload.py:251] [autoreload:trigger_reload] [INFO]- /Users/linshengfeng/学习/大四上/毕业设计/mooc_recommender_system/mooc_back_end/web/users/views.py changed, reloading.
[2022-03-03 12:26:55,602] [autoreload.py:637] [autoreload:run_with_reloader] [INFO]- Watching for file changes with StatReloader
[2022-03-03 12:26:57,335] [basehttp.py:161] [basehttp:log_message] [INFO]- "POST /api/users/log_in HTTP/1.1" 200 388
[2022-03-03 12:27:14,636] [autoreload.py:637] [autoreload:run_with_reloader] [INFO]- Watching for file changes with StatReloader
[2022-03-03 12:27:19,953] [basehttp.py:161] [basehttp:log_message] [INFO]- "POST /api/users/log_in HTTP/1.1" 200 388
[2022-03-03 12:27:47,605] [autoreload.py:251] [autoreload:trigger_reload] [INFO]- /Users/linshengfeng/学习/大四上/毕业设计/mooc_recommender_system/mooc_back_end/web/users/views.py changed, reloading.
[2022-03-03 12:27:48,061] [autoreload.py:637] [autoreload:run_with_reloader] [INFO]- Watching for file changes with StatReloader
[2022-03-03 12:29:33,585] [basehttp.py:161] [basehttp:log_message] [INFO]- "GET /api/users/show_schools HTTP/1.1" 200 918
[2022-03-03 12:29:34,984] [basehttp.py:161] [basehttp:log_message] [INFO]- "GET /api/users/nick_repeat?nick=pxw%40163.co HTTP/1.1" 200 36
[2022-03-03 12:29:35,440] [basehttp.py:161] [basehttp:log_message] [INFO]- "GET /api/users/nick_repeat?nick=pxw%40163.co HTTP/1.1" 200 36
[2022-03-03 12:29:36,491] [basehttp.py:161] [basehttp:log_message] [INFO]- "POST /api/users/log_in HTTP/1.1" 200 390
[2022-03-03 12:30:09,212] [basehttp.py:161] [basehttp:log_message] [INFO]- "GET /api/users/show_schools HTTP/1.1" 200 918
[2022-03-03 12:30:09,696] [basehttp.py:161] [basehttp:log_message] [INFO]- "GET /api/users/show_schools HTTP/1.1" 200 918
[2022-03-03 12:30:11,281] [basehttp.py:161] [basehttp:log_message] [INFO]- "GET /api/users/nick_repeat?nick=pxw%40163.co HTTP/1.1" 200 36
[2022-03-03 12:30:11,750] [basehttp.py:161] [basehttp:log_message] [INFO]- "GET /api/users/nick_repeat?nick=pxw%40163.co HTTP/1.1" 200 36
[2022-03-03 12:30:12,484] [basehttp.py:161] [basehttp:log_message] [INFO]- "POST /api/users/log_in HTTP/1.1" 200 390
[2022-03-03 12:53:38,686] [basehttp.py:161] [basehttp:log_message] [INFO]- "GET /api/users/show_schools HTTP/1.1" 200 918
[2022-03-03 12:53:41,634] [basehttp.py:161] [basehttp:log_message] [INFO]- "GET /api/users/nick_repeat?nick=pxw%40163.co HTTP/1.1" 200 36
[2022-03-03 12:53:42,091] [basehttp.py:161] [basehttp:log_message] [INFO]- "GET /api/users/nick_repeat?nick=pxw%40163.co HTTP/1.1" 200 36
[2022-03-03 12:53:42,989] [basehttp.py:161] [basehttp:log_message] [INFO]- "POST /api/users/log_in HTTP/1.1" 200 390
[2022-03-03 13:20:48,577] [basehttp.py:161] [basehttp:log_message] [INFO]- "GET /api/users/show_schools HTTP/1.1" 200 918
[2022-03-03 13:20:50,230] [basehttp.py:161] [basehttp:log_message] [INFO]- "GET /api/users/nick_repeat?nick=pxw%40163.co HTTP/1.1" 200 36
[2022-03-03 13:20:50,707] [basehttp.py:161] [basehttp:log_message] [INFO]- "GET /api/users/nick_repeat?nick=pxw%40163.co HTTP/1.1" 200 36
[2022-03-03 13:20:50,761] [basehttp.py:161] [basehttp:log_message] [INFO]- "POST /api/users/log_in HTTP/1.1" 200 392
[2022-03-03 13:22:16,371] [basehttp.py:161] [basehttp:log_message] [INFO]- "GET /api/users/show_schools HTTP/1.1" 200 918
[2022-03-03 13:22:18,086] [basehttp.py:161] [basehttp:log_message] [INFO]- "GET /api/users/nick_repeat?nick=pxw%40163.co HTTP/1.1" 200 36
[2022-03-03 13:22:18,548] [basehttp.py:161] [basehttp:log_message] [INFO]- "GET /api/users/nick_repeat?nick=pxw%40163.co HTTP/1.1" 200 36
[2022-03-03 13:22:18,888] [basehttp.py:161] [basehttp:log_message] [INFO]- "POST /api/users/log_in HTTP/1.1" 200 390
[2022-03-03 13:22:35,269] [basehttp.py:161] [basehttp:log_message] [INFO]- "GET /api/users/show_schools HTTP/1.1" 200 918
[2022-03-03 13:22:59,408] [basehttp.py:161] [basehttp:log_message] [INFO]- "GET /api/users/nick_repeat?nick=pxw%40163.co HTTP/1.1" 200 36
[2022-03-03 13:22:59,855] [basehttp.py:161] [basehttp:log_message] [INFO]- "GET /api/users/nick_repeat?nick=pxw%40163.co HTTP/1.1" 200 36
[2022-03-03 13:23:00,101] [basehttp.py:161] [basehttp:log_message] [INFO]- "POST /api/users/log_in HTTP/1.1" 200 389
[2022-03-03 14:38:52,079] [basehttp.py:161] [basehttp:log_message] [INFO]- "GET /api/users/show_schools HTTP/1.1" 200 918
[2022-03-03 14:42:59,271] [basehttp.py:161] [basehttp:log_message] [INFO]- "GET /api/users/nick_repeat?nick=pxw%40163.co HTTP/1.1" 200 36
[2022-03-03 14:42:59,725] [basehttp.py:161] [basehttp:log_message] [INFO]- "GET /api/users/nick_repeat?nick=pxw%40163.co HTTP/1.1" 200 36
[2022-03-03 14:42:59,885] [basehttp.py:161] [basehttp:log_message] [INFO]- "POST /api/users/log_in HTTP/1.1" 200 390
